{"/Users/ShadyFeliu/Desktop/Projects/CircleSfera/circlesfera-backend/src/app.controller.ts": {"path":"/Users/ShadyFeliu/Desktop/Projects/CircleSfera/circlesfera-backend/src/app.controller.ts","statementMap":{"0":{"start":{"line":9,"column":31},"end":{"line":9,"column":53}},"1":{"start":{"line":14,"column":4},"end":{"line":14,"column":null}},"2":{"start":{"line":20,"column":10},"end":{"line":20,"column":null}},"3":{"start":{"line":21,"column":4},"end":{"line":21,"column":null}}},"fnMap":{"0":{"name":"(anonymous_0)","decl":{"start":{"line":9,"column":2},"end":{"line":9,"column":14}},"loc":{"start":{"line":9,"column":55},"end":{"line":9,"column":null}},"line":9},"1":{"name":"(anonymous_1)","decl":{"start":{"line":12,"column":2},"end":{"line":12,"column":null}},"loc":{"start":{"line":13,"column":21},"end":{"line":15,"column":null}},"line":13},"2":{"name":"(anonymous_2)","decl":{"start":{"line":18,"column":2},"end":{"line":18,"column":null}},"loc":{"start":{"line":19,"column":64},"end":{"line":22,"column":null}},"line":19}},"branchMap":{},"s":{"0":1,"1":1,"2":0,"3":0},"f":{"0":1,"1":1,"2":0},"b":{},"meta":{"lastBranch":0,"lastFunction":3,"lastStatement":4,"seen":{"f:9:2:9:14":0,"s:9:31:9:53":0,"f:12:2:12:Infinity":1,"s:14:4:14:Infinity":1,"f:18:2:18:Infinity":2,"s:20:10:20:Infinity":2,"s:21:4:21:Infinity":3}}}
,"/Users/ShadyFeliu/Desktop/Projects/CircleSfera/circlesfera-backend/src/app.service.ts": {"path":"/Users/ShadyFeliu/Desktop/Projects/CircleSfera/circlesfera-backend/src/app.service.ts","statementMap":{"0":{"start":{"line":8,"column":4},"end":{"line":8,"column":null}}},"fnMap":{"0":{"name":"(anonymous_0)","decl":{"start":{"line":7,"column":2},"end":{"line":7,"column":21}},"loc":{"start":{"line":7,"column":21},"end":{"line":9,"column":null}},"line":7}},"branchMap":{},"s":{"0":1},"f":{"0":1},"b":{},"meta":{"lastBranch":0,"lastFunction":1,"lastStatement":1,"seen":{"f:7:2:7:21":0,"s:8:4:8:Infinity":0}}}
,"/Users/ShadyFeliu/Desktop/Projects/CircleSfera/circlesfera-backend/src/ai/ai.service.ts": {"path":"/Users/ShadyFeliu/Desktop/Projects/CircleSfera/circlesfera-backend/src/ai/ai.service.ts","statementMap":{"0":{"start":{"line":20,"column":22},"end":{"line":20,"column":50}},"1":{"start":{"line":17,"column":19},"end":{"line":17,"column":null}},"2":{"start":{"line":18,"column":10},"end":{"line":18,"column":null}},"3":{"start":{"line":21,"column":19},"end":{"line":21,"column":null}},"4":{"start":{"line":22,"column":4},"end":{"line":28,"column":null}},"5":{"start":{"line":23,"column":6},"end":{"line":23,"column":null}},"6":{"start":{"line":25,"column":6},"end":{"line":26,"column":null}},"7":{"start":{"line":39,"column":19},"end":{"line":39,"column":null}},"8":{"start":{"line":41,"column":4},"end":{"line":49,"column":null}},"9":{"start":{"line":42,"column":6},"end":{"line":45,"column":null}},"10":{"start":{"line":43,"column":8},"end":{"line":43,"column":null}},"11":{"start":{"line":44,"column":8},"end":{"line":44,"column":null}},"12":{"start":{"line":46,"column":6},"end":{"line":47,"column":null}},"13":{"start":{"line":51,"column":4},"end":{"line":52,"column":null}},"14":{"start":{"line":55,"column":4},"end":{"line":70,"column":null}},"15":{"start":{"line":56,"column":23},"end":{"line":60,"column":null}},"16":{"start":{"line":62,"column":6},"end":{"line":62,"column":null}},"17":{"start":{"line":64,"column":6},"end":{"line":64,"column":null}},"18":{"start":{"line":65,"column":6},"end":{"line":68,"column":null}},"19":{"start":{"line":66,"column":8},"end":{"line":66,"column":null}},"20":{"start":{"line":67,"column":8},"end":{"line":67,"column":null}},"21":{"start":{"line":69,"column":6},"end":{"line":69,"column":null}},"22":{"start":{"line":75,"column":4},"end":{"line":75,"column":null}},"23":{"start":{"line":75,"column":46},"end":{"line":75,"column":null}},"24":{"start":{"line":83,"column":19},"end":{"line":83,"column":null}},"25":{"start":{"line":85,"column":4},"end":{"line":93,"column":null}},"26":{"start":{"line":86,"column":6},"end":{"line":89,"column":null}},"27":{"start":{"line":87,"column":8},"end":{"line":87,"column":null}},"28":{"start":{"line":88,"column":8},"end":{"line":88,"column":null}},"29":{"start":{"line":90,"column":6},"end":{"line":91,"column":null}},"30":{"start":{"line":95,"column":4},"end":{"line":112,"column":null}},"31":{"start":{"line":96,"column":23},"end":{"line":96,"column":null}},"32":{"start":{"line":97,"column":21},"end":{"line":97,"column":40}},"33":{"start":{"line":98,"column":6},"end":{"line":105,"column":null}},"34":{"start":{"line":107,"column":6},"end":{"line":107,"column":null}},"35":{"start":{"line":108,"column":6},"end":{"line":110,"column":null}},"36":{"start":{"line":109,"column":8},"end":{"line":109,"column":null}},"37":{"start":{"line":111,"column":6},"end":{"line":111,"column":null}},"38":{"start":{"line":122,"column":21},"end":{"line":122,"column":null}},"39":{"start":{"line":123,"column":16},"end":{"line":123,"column":null}},"40":{"start":{"line":124,"column":16},"end":{"line":124,"column":null}},"41":{"start":{"line":125,"column":4},"end":{"line":129,"column":null}},"42":{"start":{"line":125,"column":17},"end":{"line":125,"column":20}},"43":{"start":{"line":126,"column":6},"end":{"line":126,"column":null}},"44":{"start":{"line":127,"column":6},"end":{"line":127,"column":null}},"45":{"start":{"line":128,"column":6},"end":{"line":128,"column":null}},"46":{"start":{"line":130,"column":4},"end":{"line":130,"column":null}}},"fnMap":{"0":{"name":"(anonymous_0)","decl":{"start":{"line":20,"column":2},"end":{"line":20,"column":14}},"loc":{"start":{"line":20,"column":52},"end":{"line":29,"column":null}},"line":20},"1":{"name":"(anonymous_1)","decl":{"start":{"line":38,"column":8},"end":{"line":38,"column":26}},"loc":{"start":{"line":38,"column":59},"end":{"line":71,"column":null}},"line":38},"2":{"name":"(anonymous_2)","decl":{"start":{"line":74,"column":2},"end":{"line":74,"column":10}},"loc":{"start":{"line":74,"column":39},"end":{"line":76,"column":null}},"line":74},"3":{"name":"(anonymous_3)","decl":{"start":{"line":75,"column":40},"end":{"line":75,"column":46}},"loc":{"start":{"line":75,"column":46},"end":{"line":75,"column":null}},"line":75},"4":{"name":"(anonymous_4)","decl":{"start":{"line":82,"column":8},"end":{"line":82,"column":24}},"loc":{"start":{"line":82,"column":72},"end":{"line":113,"column":null}},"line":82},"5":{"name":"(anonymous_5)","decl":{"start":{"line":121,"column":2},"end":{"line":121,"column":22}},"loc":{"start":{"line":121,"column":62},"end":{"line":131,"column":null}},"line":121}},"branchMap":{"0":{"loc":{"start":{"line":22,"column":4},"end":{"line":28,"column":null}},"type":"if","locations":[{"start":{"line":22,"column":4},"end":{"line":28,"column":null}},{"start":{"line":24,"column":11},"end":{"line":28,"column":null}}],"line":22},"1":{"loc":{"start":{"line":41,"column":4},"end":{"line":49,"column":null}},"type":"if","locations":[{"start":{"line":41,"column":4},"end":{"line":49,"column":null}},{"start":{},"end":{}}],"line":41},"2":{"loc":{"start":{"line":42,"column":6},"end":{"line":45,"column":null}},"type":"if","locations":[{"start":{"line":42,"column":6},"end":{"line":45,"column":null}},{"start":{},"end":{}}],"line":42},"3":{"loc":{"start":{"line":65,"column":6},"end":{"line":68,"column":null}},"type":"if","locations":[{"start":{"line":65,"column":6},"end":{"line":68,"column":null}},{"start":{},"end":{}}],"line":65},"4":{"loc":{"start":{"line":85,"column":4},"end":{"line":93,"column":null}},"type":"if","locations":[{"start":{"line":85,"column":4},"end":{"line":93,"column":null}},{"start":{},"end":{}}],"line":85},"5":{"loc":{"start":{"line":86,"column":6},"end":{"line":89,"column":null}},"type":"if","locations":[{"start":{"line":86,"column":6},"end":{"line":89,"column":null}},{"start":{},"end":{}}],"line":86},"6":{"loc":{"start":{"line":108,"column":6},"end":{"line":110,"column":null}},"type":"if","locations":[{"start":{"line":108,"column":6},"end":{"line":110,"column":null}},{"start":{},"end":{}}],"line":108}},"s":{"0":17,"1":17,"2":17,"3":17,"4":17,"5":13,"6":4,"7":5,"8":5,"9":2,"10":1,"11":1,"12":1,"13":3,"14":3,"15":3,"16":1,"17":2,"18":2,"19":1,"20":1,"21":1,"22":2,"23":3072,"24":3,"25":3,"26":1,"27":1,"28":1,"29":0,"30":2,"31":2,"32":1,"33":1,"34":1,"35":1,"36":1,"37":0,"38":3,"39":3,"40":3,"41":3,"42":3,"43":9,"44":9,"45":9,"46":3},"f":{"0":17,"1":5,"2":2,"3":3072,"4":3,"5":3},"b":{"0":[13,4],"1":[2,3],"2":[1,1],"3":[1,1],"4":[1,2],"5":[1,0],"6":[1,0]},"meta":{"lastBranch":7,"lastFunction":6,"lastStatement":47,"seen":{"f:20:2:20:14":0,"s:20:22:20:50":0,"s:17:19:17:Infinity":1,"s:18:10:18:Infinity":2,"s:21:19:21:Infinity":3,"b:22:4:28:Infinity:24:11:28:Infinity":0,"s:22:4:28:Infinity":4,"s:23:6:23:Infinity":5,"s:25:6:26:Infinity":6,"f:38:8:38:26":1,"s:39:19:39:Infinity":7,"b:41:4:49:Infinity:undefined:undefined:undefined:undefined":1,"s:41:4:49:Infinity":8,"b:42:6:45:Infinity:undefined:undefined:undefined:undefined":2,"s:42:6:45:Infinity":9,"s:43:8:43:Infinity":10,"s:44:8:44:Infinity":11,"s:46:6:47:Infinity":12,"s:51:4:52:Infinity":13,"s:55:4:70:Infinity":14,"s:56:23:60:Infinity":15,"s:62:6:62:Infinity":16,"s:64:6:64:Infinity":17,"b:65:6:68:Infinity:undefined:undefined:undefined:undefined":3,"s:65:6:68:Infinity":18,"s:66:8:66:Infinity":19,"s:67:8:67:Infinity":20,"s:69:6:69:Infinity":21,"f:74:2:74:10":2,"s:75:4:75:Infinity":22,"f:75:40:75:46":3,"s:75:46:75:Infinity":23,"f:82:8:82:24":4,"s:83:19:83:Infinity":24,"b:85:4:93:Infinity:undefined:undefined:undefined:undefined":4,"s:85:4:93:Infinity":25,"b:86:6:89:Infinity:undefined:undefined:undefined:undefined":5,"s:86:6:89:Infinity":26,"s:87:8:87:Infinity":27,"s:88:8:88:Infinity":28,"s:90:6:91:Infinity":29,"s:95:4:112:Infinity":30,"s:96:23:96:Infinity":31,"s:97:21:97:40":32,"s:98:6:105:Infinity":33,"s:107:6:107:Infinity":34,"b:108:6:110:Infinity:undefined:undefined:undefined:undefined":6,"s:108:6:110:Infinity":35,"s:109:8:109:Infinity":36,"s:111:6:111:Infinity":37,"f:121:2:121:22":5,"s:122:21:122:Infinity":38,"s:123:16:123:Infinity":39,"s:124:16:124:Infinity":40,"s:125:4:129:Infinity":41,"s:125:17:125:20":42,"s:126:6:126:Infinity":43,"s:127:6:127:Infinity":44,"s:128:6:128:Infinity":45,"s:130:4:130:Infinity":46}}}
,"/Users/ShadyFeliu/Desktop/Projects/CircleSfera/circlesfera-backend/src/auth/auth.service.ts": {"path":"/Users/ShadyFeliu/Desktop/Projects/CircleSfera/circlesfera-backend/src/auth/auth.service.ts","statementMap":{"0":{"start":{"line":32,"column":21},"end":{"line":32,"column":42}},"1":{"start":{"line":33,"column":21},"end":{"line":33,"column":43}},"2":{"start":{"line":34,"column":21},"end":{"line":34,"column":49}},"3":{"start":{"line":35,"column":21},"end":{"line":35,"column":47}},"4":{"start":{"line":50,"column":25},"end":{"line":52,"column":null}},"5":{"start":{"line":54,"column":4},"end":{"line":56,"column":null}},"6":{"start":{"line":55,"column":6},"end":{"line":55,"column":null}},"7":{"start":{"line":59,"column":28},"end":{"line":61,"column":null}},"8":{"start":{"line":63,"column":4},"end":{"line":65,"column":null}},"9":{"start":{"line":64,"column":6},"end":{"line":64,"column":null}},"10":{"start":{"line":68,"column":27},"end":{"line":68,"column":null}},"11":{"start":{"line":70,"column":10},"end":{"line":70,"column":null}},"12":{"start":{"line":73,"column":17},"end":{"line":85,"column":null}},"13":{"start":{"line":88,"column":4},"end":{"line":90,"column":null}},"14":{"start":{"line":94,"column":4},"end":{"line":94,"column":null}},"15":{"start":{"line":104,"column":17},"end":{"line":106,"column":null}},"16":{"start":{"line":108,"column":4},"end":{"line":110,"column":null}},"17":{"start":{"line":109,"column":6},"end":{"line":109,"column":null}},"18":{"start":{"line":112,"column":4},"end":{"line":118,"column":null}},"19":{"start":{"line":120,"column":4},"end":{"line":120,"column":null}},"20":{"start":{"line":130,"column":17},"end":{"line":132,"column":null}},"21":{"start":{"line":134,"column":4},"end":{"line":137,"column":null}},"22":{"start":{"line":136,"column":6},"end":{"line":136,"column":null}},"23":{"start":{"line":139,"column":10},"end":{"line":139,"column":null}},"24":{"start":{"line":140,"column":30},"end":{"line":140,"column":62}},"25":{"start":{"line":142,"column":4},"end":{"line":148,"column":null}},"26":{"start":{"line":150,"column":4},"end":{"line":150,"column":null}},"27":{"start":{"line":152,"column":4},"end":{"line":152,"column":null}},"28":{"start":{"line":163,"column":17},"end":{"line":165,"column":null}},"29":{"start":{"line":167,"column":4},"end":{"line":172,"column":null}},"30":{"start":{"line":171,"column":6},"end":{"line":171,"column":null}},"31":{"start":{"line":174,"column":27},"end":{"line":174,"column":null}},"32":{"start":{"line":176,"column":4},"end":{"line":183,"column":null}},"33":{"start":{"line":185,"column":4},"end":{"line":185,"column":null}},"34":{"start":{"line":200,"column":15},"end":{"line":202,"column":null}},"35":{"start":{"line":204,"column":4},"end":{"line":213,"column":null}},"36":{"start":{"line":206,"column":22},"end":{"line":209,"column":null}},"37":{"start":{"line":210,"column":6},"end":{"line":212,"column":null}},"38":{"start":{"line":211,"column":8},"end":{"line":211,"column":null}},"39":{"start":{"line":215,"column":4},"end":{"line":217,"column":null}},"40":{"start":{"line":216,"column":6},"end":{"line":216,"column":null}},"41":{"start":{"line":220,"column":26},"end":{"line":220,"column":null}},"42":{"start":{"line":223,"column":4},"end":{"line":237,"column":null}},"43":{"start":{"line":224,"column":6},"end":{"line":224,"column":null}},"44":{"start":{"line":227,"column":6},"end":{"line":227,"column":null}},"45":{"start":{"line":230,"column":6},"end":{"line":236,"column":null}},"46":{"start":{"line":231,"column":34},"end":{"line":231,"column":null}},"47":{"start":{"line":232,"column":8},"end":{"line":235,"column":null}},"48":{"start":{"line":239,"column":4},"end":{"line":241,"column":null}},"49":{"start":{"line":240,"column":6},"end":{"line":240,"column":null}},"50":{"start":{"line":243,"column":4},"end":{"line":245,"column":null}},"51":{"start":{"line":244,"column":6},"end":{"line":244,"column":null}},"52":{"start":{"line":248,"column":4},"end":{"line":248,"column":null}},"53":{"start":{"line":260,"column":17},"end":{"line":262,"column":null}},"54":{"start":{"line":264,"column":4},"end":{"line":266,"column":null}},"55":{"start":{"line":265,"column":6},"end":{"line":265,"column":null}},"56":{"start":{"line":268,"column":4},"end":{"line":268,"column":null}},"57":{"start":{"line":280,"column":4},"end":{"line":313,"column":null}},"58":{"start":{"line":282,"column":22},"end":{"line":286,"column":null}},"59":{"start":{"line":290,"column":26},"end":{"line":292,"column":null}},"60":{"start":{"line":294,"column":6},"end":{"line":296,"column":null}},"61":{"start":{"line":295,"column":8},"end":{"line":295,"column":null}},"62":{"start":{"line":299,"column":6},"end":{"line":304,"column":null}},"63":{"start":{"line":300,"column":8},"end":{"line":302,"column":null}},"64":{"start":{"line":303,"column":8},"end":{"line":303,"column":null}},"65":{"start":{"line":307,"column":6},"end":{"line":307,"column":null}},"66":{"start":{"line":310,"column":6},"end":{"line":310,"column":null}},"67":{"start":{"line":312,"column":6},"end":{"line":312,"column":null}},"68":{"start":{"line":322,"column":4},"end":{"line":327,"column":null}},"69":{"start":{"line":341,"column":20},"end":{"line":341,"column":null}},"70":{"start":{"line":343,"column":24},"end":{"line":346,"column":null}},"71":{"start":{"line":348,"column":25},"end":{"line":351,"column":null}},"72":{"start":{"line":354,"column":22},"end":{"line":354,"column":null}},"73":{"start":{"line":355,"column":4},"end":{"line":355,"column":48}},"74":{"start":{"line":357,"column":4},"end":{"line":363,"column":null}},"75":{"start":{"line":365,"column":4},"end":{"line":365,"column":null}}},"fnMap":{"0":{"name":"(anonymous_0)","decl":{"start":{"line":31,"column":2},"end":{"line":31,"column":null}},"loc":{"start":{"line":36,"column":4},"end":{"line":36,"column":null}},"line":36},"1":{"name":"(anonymous_1)","decl":{"start":{"line":46,"column":8},"end":{"line":46,"column":null}},"loc":{"start":{"line":48,"column":60},"end":{"line":95,"column":null}},"line":48},"2":{"name":"(anonymous_2)","decl":{"start":{"line":103,"column":8},"end":{"line":103,"column":20}},"loc":{"start":{"line":103,"column":41},"end":{"line":121,"column":null}},"line":103},"3":{"name":"(anonymous_3)","decl":{"start":{"line":129,"column":8},"end":{"line":129,"column":29}},"loc":{"start":{"line":129,"column":51},"end":{"line":153,"column":null}},"line":129},"4":{"name":"(anonymous_4)","decl":{"start":{"line":162,"column":8},"end":{"line":162,"column":22}},"loc":{"start":{"line":162,"column":45},"end":{"line":186,"column":null}},"line":162},"5":{"name":"(anonymous_5)","decl":{"start":{"line":196,"column":8},"end":{"line":196,"column":null}},"loc":{"start":{"line":198,"column":60},"end":{"line":249,"column":null}},"line":198},"6":{"name":"(anonymous_6)","decl":{"start":{"line":257,"column":8},"end":{"line":257,"column":null}},"loc":{"start":{"line":259,"column":60},"end":{"line":269,"column":null}},"line":259},"7":{"name":"(anonymous_7)","decl":{"start":{"line":277,"column":8},"end":{"line":277,"column":null}},"loc":{"start":{"line":279,"column":60},"end":{"line":314,"column":null}},"line":279},"8":{"name":"(anonymous_8)","decl":{"start":{"line":321,"column":8},"end":{"line":321,"column":15}},"loc":{"start":{"line":321,"column":68},"end":{"line":328,"column":null}},"line":321},"9":{"name":"(anonymous_9)","decl":{"start":{"line":337,"column":16},"end":{"line":337,"column":null}},"loc":{"start":{"line":340,"column":60},"end":{"line":366,"column":null}},"line":340}},"branchMap":{"0":{"loc":{"start":{"line":54,"column":4},"end":{"line":56,"column":null}},"type":"if","locations":[{"start":{"line":54,"column":4},"end":{"line":56,"column":null}},{"start":{},"end":{}}],"line":54},"1":{"loc":{"start":{"line":63,"column":4},"end":{"line":65,"column":null}},"type":"if","locations":[{"start":{"line":63,"column":4},"end":{"line":65,"column":null}},{"start":{},"end":{}}],"line":63},"2":{"loc":{"start":{"line":81,"column":22},"end":{"line":81,"column":null}},"type":"binary-expr","locations":[{"start":{"line":81,"column":22},"end":{"line":81,"column":34}},{"start":{"line":81,"column":38},"end":{"line":81,"column":null}}],"line":81},"3":{"loc":{"start":{"line":108,"column":4},"end":{"line":110,"column":null}},"type":"if","locations":[{"start":{"line":108,"column":4},"end":{"line":110,"column":null}},{"start":{},"end":{}}],"line":108},"4":{"loc":{"start":{"line":134,"column":4},"end":{"line":137,"column":null}},"type":"if","locations":[{"start":{"line":134,"column":4},"end":{"line":137,"column":null}},{"start":{},"end":{}}],"line":134},"5":{"loc":{"start":{"line":167,"column":4},"end":{"line":172,"column":null}},"type":"if","locations":[{"start":{"line":167,"column":4},"end":{"line":172,"column":null}},{"start":{},"end":{}}],"line":167},"6":{"loc":{"start":{"line":168,"column":6},"end":{"line":169,"column":null}},"type":"binary-expr","locations":[{"start":{"line":168,"column":6},"end":{"line":168,"column":null}},{"start":{"line":169,"column":7},"end":{"line":169,"column":29}},{"start":{"line":169,"column":33},"end":{"line":169,"column":null}}],"line":168},"7":{"loc":{"start":{"line":204,"column":4},"end":{"line":213,"column":null}},"type":"if","locations":[{"start":{"line":204,"column":4},"end":{"line":213,"column":null}},{"start":{},"end":{}}],"line":204},"8":{"loc":{"start":{"line":210,"column":6},"end":{"line":212,"column":null}},"type":"if","locations":[{"start":{"line":210,"column":6},"end":{"line":212,"column":null}},{"start":{},"end":{}}],"line":210},"9":{"loc":{"start":{"line":215,"column":4},"end":{"line":217,"column":null}},"type":"if","locations":[{"start":{"line":215,"column":4},"end":{"line":217,"column":null}},{"start":{},"end":{}}],"line":215},"10":{"loc":{"start":{"line":223,"column":4},"end":{"line":237,"column":null}},"type":"if","locations":[{"start":{"line":223,"column":4},"end":{"line":237,"column":null}},{"start":{"line":225,"column":11},"end":{"line":237,"column":null}}],"line":223},"11":{"loc":{"start":{"line":230,"column":6},"end":{"line":236,"column":null}},"type":"if","locations":[{"start":{"line":230,"column":6},"end":{"line":236,"column":null}},{"start":{},"end":{}}],"line":230},"12":{"loc":{"start":{"line":239,"column":4},"end":{"line":241,"column":null}},"type":"if","locations":[{"start":{"line":239,"column":4},"end":{"line":241,"column":null}},{"start":{},"end":{}}],"line":239},"13":{"loc":{"start":{"line":243,"column":4},"end":{"line":245,"column":null}},"type":"if","locations":[{"start":{"line":243,"column":4},"end":{"line":245,"column":null}},{"start":{},"end":{}}],"line":243},"14":{"loc":{"start":{"line":264,"column":4},"end":{"line":266,"column":null}},"type":"if","locations":[{"start":{"line":264,"column":4},"end":{"line":266,"column":null}},{"start":{},"end":{}}],"line":264},"15":{"loc":{"start":{"line":264,"column":8},"end":{"line":264,"column":31}},"type":"binary-expr","locations":[{"start":{"line":264,"column":8},"end":{"line":264,"column":17}},{"start":{"line":264,"column":17},"end":{"line":264,"column":31}}],"line":264},"16":{"loc":{"start":{"line":294,"column":6},"end":{"line":296,"column":null}},"type":"if","locations":[{"start":{"line":294,"column":6},"end":{"line":296,"column":null}},{"start":{},"end":{}}],"line":294},"17":{"loc":{"start":{"line":294,"column":10},"end":{"line":294,"column":60}},"type":"binary-expr","locations":[{"start":{"line":294,"column":10},"end":{"line":294,"column":26}},{"start":{"line":294,"column":26},"end":{"line":294,"column":60}}],"line":294},"18":{"loc":{"start":{"line":299,"column":6},"end":{"line":304,"column":null}},"type":"if","locations":[{"start":{"line":299,"column":6},"end":{"line":304,"column":null}},{"start":{},"end":{}}],"line":299}},"s":{"0":13,"1":13,"2":13,"3":13,"4":2,"5":2,"6":1,"7":1,"8":1,"9":0,"10":1,"11":1,"12":1,"13":1,"14":1,"15":2,"16":2,"17":1,"18":1,"19":1,"20":1,"21":1,"22":0,"23":1,"24":1,"25":1,"26":1,"27":1,"28":1,"29":1,"30":0,"31":1,"32":1,"33":1,"34":4,"35":4,"36":0,"37":0,"38":0,"39":4,"40":0,"41":4,"42":4,"43":3,"44":1,"45":1,"46":1,"47":1,"48":4,"49":1,"50":3,"51":1,"52":2,"53":0,"54":0,"55":0,"56":0,"57":1,"58":1,"59":1,"60":1,"61":0,"62":1,"63":0,"64":0,"65":1,"66":1,"67":0,"68":1,"69":4,"70":4,"71":4,"72":4,"73":4,"74":4,"75":4},"f":{"0":13,"1":2,"2":2,"3":1,"4":1,"5":4,"6":0,"7":1,"8":1,"9":4},"b":{"0":[1,1],"1":[0,1],"2":[1,0],"3":[1,1],"4":[0,1],"5":[0,1],"6":[1,1,1],"7":[0,4],"8":[0,0],"9":[0,4],"10":[3,1],"11":[1,0],"12":[1,3],"13":[1,2],"14":[0,0],"15":[0,0],"16":[0,1],"17":[1,1],"18":[0,1]},"meta":{"lastBranch":19,"lastFunction":10,"lastStatement":76,"seen":{"f:31:2:31:Infinity":0,"s:32:21:32:42":0,"s:33:21:33:43":1,"s:34:21:34:49":2,"s:35:21:35:47":3,"f:46:8:46:Infinity":1,"s:50:25:52:Infinity":4,"b:54:4:56:Infinity:undefined:undefined:undefined:undefined":0,"s:54:4:56:Infinity":5,"s:55:6:55:Infinity":6,"s:59:28:61:Infinity":7,"b:63:4:65:Infinity:undefined:undefined:undefined:undefined":1,"s:63:4:65:Infinity":8,"s:64:6:64:Infinity":9,"s:68:27:68:Infinity":10,"s:70:10:70:Infinity":11,"s:73:17:85:Infinity":12,"b:81:22:81:34:81:38:81:Infinity":2,"s:88:4:90:Infinity":13,"s:94:4:94:Infinity":14,"f:103:8:103:20":2,"s:104:17:106:Infinity":15,"b:108:4:110:Infinity:undefined:undefined:undefined:undefined":3,"s:108:4:110:Infinity":16,"s:109:6:109:Infinity":17,"s:112:4:118:Infinity":18,"s:120:4:120:Infinity":19,"f:129:8:129:29":3,"s:130:17:132:Infinity":20,"b:134:4:137:Infinity:undefined:undefined:undefined:undefined":4,"s:134:4:137:Infinity":21,"s:136:6:136:Infinity":22,"s:139:10:139:Infinity":23,"s:140:30:140:62":24,"s:142:4:148:Infinity":25,"s:150:4:150:Infinity":26,"s:152:4:152:Infinity":27,"f:162:8:162:22":4,"s:163:17:165:Infinity":28,"b:167:4:172:Infinity:undefined:undefined:undefined:undefined":5,"s:167:4:172:Infinity":29,"b:168:6:168:Infinity:169:7:169:29:169:33:169:Infinity":6,"s:171:6:171:Infinity":30,"s:174:27:174:Infinity":31,"s:176:4:183:Infinity":32,"s:185:4:185:Infinity":33,"f:196:8:196:Infinity":5,"s:200:15:202:Infinity":34,"b:204:4:213:Infinity:undefined:undefined:undefined:undefined":7,"s:204:4:213:Infinity":35,"s:206:22:209:Infinity":36,"b:210:6:212:Infinity:undefined:undefined:undefined:undefined":8,"s:210:6:212:Infinity":37,"s:211:8:211:Infinity":38,"b:215:4:217:Infinity:undefined:undefined:undefined:undefined":9,"s:215:4:217:Infinity":39,"s:216:6:216:Infinity":40,"s:220:26:220:Infinity":41,"b:223:4:237:Infinity:225:11:237:Infinity":10,"s:223:4:237:Infinity":42,"s:224:6:224:Infinity":43,"s:227:6:227:Infinity":44,"b:230:6:236:Infinity:undefined:undefined:undefined:undefined":11,"s:230:6:236:Infinity":45,"s:231:34:231:Infinity":46,"s:232:8:235:Infinity":47,"b:239:4:241:Infinity:undefined:undefined:undefined:undefined":12,"s:239:4:241:Infinity":48,"s:240:6:240:Infinity":49,"b:243:4:245:Infinity:undefined:undefined:undefined:undefined":13,"s:243:4:245:Infinity":50,"s:244:6:244:Infinity":51,"s:248:4:248:Infinity":52,"f:257:8:257:Infinity":6,"s:260:17:262:Infinity":53,"b:264:4:266:Infinity:undefined:undefined:undefined:undefined":14,"s:264:4:266:Infinity":54,"b:264:8:264:17:264:17:264:31":15,"s:265:6:265:Infinity":55,"s:268:4:268:Infinity":56,"f:277:8:277:Infinity":7,"s:280:4:313:Infinity":57,"s:282:22:286:Infinity":58,"s:290:26:292:Infinity":59,"b:294:6:296:Infinity:undefined:undefined:undefined:undefined":16,"s:294:6:296:Infinity":60,"b:294:10:294:26:294:26:294:60":17,"s:295:8:295:Infinity":61,"b:299:6:304:Infinity:undefined:undefined:undefined:undefined":18,"s:299:6:304:Infinity":62,"s:300:8:302:Infinity":63,"s:303:8:303:Infinity":64,"s:307:6:307:Infinity":65,"s:310:6:310:Infinity":66,"s:312:6:312:Infinity":67,"f:321:8:321:15":8,"s:322:4:327:Infinity":68,"f:337:16:337:Infinity":9,"s:341:20:341:Infinity":69,"s:343:24:346:Infinity":70,"s:348:25:351:Infinity":71,"s:354:22:354:Infinity":72,"s:355:4:355:48":73,"s:357:4:363:Infinity":74,"s:365:4:365:Infinity":75}}}
,"/Users/ShadyFeliu/Desktop/Projects/CircleSfera/circlesfera-backend/src/auth/decorators/current-user.decorator.ts": {"path":"/Users/ShadyFeliu/Desktop/Projects/CircleSfera/circlesfera-backend/src/auth/decorators/current-user.decorator.ts","statementMap":{"0":{"start":{"line":14,"column":13},"end":{"line":18,"column":null}},"1":{"start":{"line":16,"column":20},"end":{"line":16,"column":null}},"2":{"start":{"line":17,"column":4},"end":{"line":17,"column":null}}},"fnMap":{"0":{"name":"(anonymous_0)","decl":{"start":{"line":15,"column":2},"end":{"line":15,"column":3}},"loc":{"start":{"line":15,"column":18},"end":{"line":18,"column":null}},"line":15}},"branchMap":{},"s":{"0":1,"1":0,"2":0},"f":{"0":0},"b":{},"meta":{"lastBranch":0,"lastFunction":1,"lastStatement":3,"seen":{"s:14:13:18:Infinity":0,"f:15:2:15:3":0,"s:16:20:16:Infinity":1,"s:17:4:17:Infinity":2}}}
,"/Users/ShadyFeliu/Desktop/Projects/CircleSfera/circlesfera-backend/src/auth/guards/jwt-auth.guard.ts": {"path":"/Users/ShadyFeliu/Desktop/Projects/CircleSfera/circlesfera-backend/src/auth/guards/jwt-auth.guard.ts","statementMap":{},"fnMap":{},"branchMap":{},"s":{},"f":{},"b":{},"meta":{"lastBranch":0,"lastFunction":0,"lastStatement":0,"seen":{}}}
,"/Users/ShadyFeliu/Desktop/Projects/CircleSfera/circlesfera-backend/src/auth/passkey/passkey.service.ts": {"path":"/Users/ShadyFeliu/Desktop/Projects/CircleSfera/circlesfera-backend/src/auth/passkey/passkey.service.ts","statementMap":{"0":{"start":{"line":33,"column":21},"end":{"line":33,"column":42}},"1":{"start":{"line":34,"column":21},"end":{"line":34,"column":49}},"2":{"start":{"line":28,"column":19},"end":{"line":28,"column":null}},"3":{"start":{"line":36,"column":4},"end":{"line":36,"column":null}},"4":{"start":{"line":37,"column":4},"end":{"line":39,"column":null}},"5":{"start":{"line":49,"column":18},"end":{"line":55,"column":null}},"6":{"start":{"line":69,"column":4},"end":{"line":71,"column":null}},"7":{"start":{"line":70,"column":6},"end":{"line":70,"column":null}},"8":{"start":{"line":73,"column":53},"end":{"line":88,"column":null}},"9":{"start":{"line":80,"column":53},"end":{"line":83,"column":null}},"10":{"start":{"line":90,"column":32},"end":{"line":90,"column":null}},"11":{"start":{"line":93,"column":4},"end":{"line":96,"column":null}},"12":{"start":{"line":98,"column":4},"end":{"line":98,"column":null}},"13":{"start":{"line":109,"column":18},"end":{"line":111,"column":null}},"14":{"start":{"line":113,"column":4},"end":{"line":115,"column":null}},"15":{"start":{"line":114,"column":6},"end":{"line":114,"column":null}},"16":{"start":{"line":117,"column":30},"end":{"line":117,"column":51}},"17":{"start":{"line":119,"column":49},"end":{"line":124,"column":null}},"18":{"start":{"line":126,"column":4},"end":{"line":174,"column":null}},"19":{"start":{"line":127,"column":27},"end":{"line":127,"column":null}},"20":{"start":{"line":129,"column":6},"end":{"line":168,"column":null}},"21":{"start":{"line":130,"column":31},"end":{"line":130,"column":60}},"22":{"start":{"line":131,"column":43},"end":{"line":131,"column":null}},"23":{"start":{"line":133,"column":23},"end":{"line":133,"column":34}},"24":{"start":{"line":147,"column":8},"end":{"line":160,"column":null}},"25":{"start":{"line":162,"column":8},"end":{"line":165,"column":null}},"26":{"start":{"line":167,"column":8},"end":{"line":167,"column":null}},"27":{"start":{"line":170,"column":6},"end":{"line":170,"column":null}},"28":{"start":{"line":172,"column":22},"end":{"line":172,"column":null}},"29":{"start":{"line":173,"column":6},"end":{"line":173,"column":null}},"30":{"start":{"line":183,"column":18},"end":{"line":190,"column":null}},"31":{"start":{"line":199,"column":4},"end":{"line":201,"column":null}},"32":{"start":{"line":200,"column":6},"end":{"line":200,"column":null}},"33":{"start":{"line":203,"column":52},"end":{"line":211,"column":null}},"34":{"start":{"line":205,"column":51},"end":{"line":209,"column":null}},"35":{"start":{"line":213,"column":34},"end":{"line":213,"column":null}},"36":{"start":{"line":216,"column":4},"end":{"line":219,"column":null}},"37":{"start":{"line":221,"column":4},"end":{"line":221,"column":null}},"38":{"start":{"line":233,"column":18},"end":{"line":240,"column":null}},"39":{"start":{"line":251,"column":4},"end":{"line":253,"column":null}},"40":{"start":{"line":252,"column":6},"end":{"line":252,"column":null}},"41":{"start":{"line":255,"column":20},"end":{"line":256,"column":null}},"42":{"start":{"line":256,"column":14},"end":{"line":256,"column":61}},"43":{"start":{"line":258,"column":4},"end":{"line":260,"column":null}},"44":{"start":{"line":259,"column":6},"end":{"line":259,"column":null}},"45":{"start":{"line":262,"column":51},"end":{"line":273,"column":null}},"46":{"start":{"line":275,"column":4},"end":{"line":318,"column":null}},"47":{"start":{"line":276,"column":27},"end":{"line":276,"column":null}},"48":{"start":{"line":278,"column":6},"end":{"line":305,"column":null}},"49":{"start":{"line":280,"column":23},"end":{"line":280,"column":34}},"50":{"start":{"line":289,"column":8},"end":{"line":296,"column":null}},"51":{"start":{"line":299,"column":8},"end":{"line":302,"column":null}},"52":{"start":{"line":304,"column":8},"end":{"line":304,"column":null}},"53":{"start":{"line":307,"column":6},"end":{"line":309,"column":null}},"54":{"start":{"line":311,"column":6},"end":{"line":311,"column":null}},"55":{"start":{"line":313,"column":6},"end":{"line":313,"column":null}},"56":{"start":{"line":314,"column":22},"end":{"line":314,"column":null}},"57":{"start":{"line":315,"column":6},"end":{"line":316,"column":null}},"58":{"start":{"line":323,"column":21},"end":{"line":354,"column":null}},"59":{"start":{"line":356,"column":4},"end":{"line":356,"column":null}},"60":{"start":{"line":361,"column":20},"end":{"line":371,"column":null}},"61":{"start":{"line":373,"column":4},"end":{"line":375,"column":null}},"62":{"start":{"line":374,"column":6},"end":{"line":374,"column":null}},"63":{"start":{"line":377,"column":4},"end":{"line":385,"column":null}},"64":{"start":{"line":387,"column":4},"end":{"line":387,"column":null}}},"fnMap":{"0":{"name":"(anonymous_0)","decl":{"start":{"line":32,"column":2},"end":{"line":32,"column":null}},"loc":{"start":{"line":35,"column":4},"end":{"line":40,"column":null}},"line":35},"1":{"name":"(anonymous_1)","decl":{"start":{"line":48,"column":8},"end":{"line":48,"column":36}},"loc":{"start":{"line":48,"column":52},"end":{"line":99,"column":null}},"line":48},"2":{"name":"(anonymous_2)","decl":{"start":{"line":80,"column":44},"end":{"line":80,"column":45}},"loc":{"start":{"line":80,"column":53},"end":{"line":83,"column":null}},"line":80},"3":{"name":"(anonymous_3)","decl":{"start":{"line":108,"column":8},"end":{"line":108,"column":27}},"loc":{"start":{"line":108,"column":58},"end":{"line":175,"column":null}},"line":108},"4":{"name":"(anonymous_4)","decl":{"start":{"line":182,"column":8},"end":{"line":182,"column":38}},"loc":{"start":{"line":182,"column":58},"end":{"line":222,"column":null}},"line":182},"5":{"name":"(anonymous_5)","decl":{"start":{"line":205,"column":42},"end":{"line":205,"column":43}},"loc":{"start":{"line":205,"column":51},"end":{"line":209,"column":null}},"line":205},"6":{"name":"(anonymous_6)","decl":{"start":{"line":232,"column":8},"end":{"line":232,"column":29}},"loc":{"start":{"line":232,"column":64},"end":{"line":319,"column":null}},"line":232},"7":{"name":"(anonymous_7)","decl":{"start":{"line":256,"column":6},"end":{"line":256,"column":7}},"loc":{"start":{"line":256,"column":14},"end":{"line":256,"column":61}},"line":256},"8":{"name":"(anonymous_8)","decl":{"start":{"line":322,"column":8},"end":{"line":322,"column":24}},"loc":{"start":{"line":322,"column":40},"end":{"line":357,"column":null}},"line":322},"9":{"name":"(anonymous_9)","decl":{"start":{"line":360,"column":8},"end":{"line":360,"column":22}},"loc":{"start":{"line":360,"column":57},"end":{"line":388,"column":null}},"line":360}},"branchMap":{"0":{"loc":{"start":{"line":36,"column":16},"end":{"line":36,"column":null}},"type":"binary-expr","locations":[{"start":{"line":36,"column":16},"end":{"line":36,"column":68}},{"start":{"line":36,"column":68},"end":{"line":36,"column":null}}],"line":36},"1":{"loc":{"start":{"line":38,"column":6},"end":{"line":39,"column":null}},"type":"binary-expr","locations":[{"start":{"line":38,"column":6},"end":{"line":38,"column":null}},{"start":{"line":39,"column":6},"end":{"line":39,"column":null}}],"line":38},"2":{"loc":{"start":{"line":69,"column":4},"end":{"line":71,"column":null}},"type":"if","locations":[{"start":{"line":69,"column":4},"end":{"line":71,"column":null}},{"start":{},"end":{}}],"line":69},"3":{"loc":{"start":{"line":77,"column":16},"end":{"line":77,"column":52}},"type":"binary-expr","locations":[{"start":{"line":77,"column":16},"end":{"line":77,"column":42}},{"start":{"line":77,"column":42},"end":{"line":77,"column":52}}],"line":77},"4":{"loc":{"start":{"line":78,"column":23},"end":{"line":78,"column":59}},"type":"binary-expr","locations":[{"start":{"line":78,"column":23},"end":{"line":78,"column":49}},{"start":{"line":78,"column":49},"end":{"line":78,"column":59}}],"line":78},"5":{"loc":{"start":{"line":113,"column":4},"end":{"line":115,"column":null}},"type":"if","locations":[{"start":{"line":113,"column":4},"end":{"line":115,"column":null}},{"start":{},"end":{}}],"line":113},"6":{"loc":{"start":{"line":113,"column":8},"end":{"line":113,"column":39}},"type":"binary-expr","locations":[{"start":{"line":113,"column":8},"end":{"line":113,"column":17}},{"start":{"line":113,"column":17},"end":{"line":113,"column":39}}],"line":113},"7":{"loc":{"start":{"line":129,"column":6},"end":{"line":168,"column":null}},"type":"if","locations":[{"start":{"line":129,"column":6},"end":{"line":168,"column":null}},{"start":{},"end":{}}],"line":129},"8":{"loc":{"start":{"line":129,"column":10},"end":{"line":129,"column":64}},"type":"binary-expr","locations":[{"start":{"line":129,"column":10},"end":{"line":129,"column":31}},{"start":{"line":129,"column":35},"end":{"line":129,"column":64}}],"line":129},"9":{"loc":{"start":{"line":154,"column":14},"end":{"line":158,"column":null}},"type":"binary-expr","locations":[{"start":{"line":154,"column":14},"end":{"line":158,"column":35}},{"start":{"line":158,"column":39},"end":{"line":158,"column":null}}],"line":154},"10":{"loc":{"start":{"line":172,"column":22},"end":{"line":172,"column":null}},"type":"cond-expr","locations":[{"start":{"line":172,"column":47},"end":{"line":172,"column":60}},{"start":{"line":172,"column":63},"end":{"line":172,"column":null}}],"line":172},"11":{"loc":{"start":{"line":199,"column":4},"end":{"line":201,"column":null}},"type":"if","locations":[{"start":{"line":199,"column":4},"end":{"line":201,"column":null}},{"start":{},"end":{}}],"line":199},"12":{"loc":{"start":{"line":208,"column":20},"end":{"line":208,"column":null}},"type":"binary-expr","locations":[{"start":{"line":208,"column":20},"end":{"line":208,"column":33}},{"start":{"line":208,"column":37},"end":{"line":208,"column":null}}],"line":208},"13":{"loc":{"start":{"line":251,"column":4},"end":{"line":253,"column":null}},"type":"if","locations":[{"start":{"line":251,"column":4},"end":{"line":253,"column":null}},{"start":{},"end":{}}],"line":251},"14":{"loc":{"start":{"line":251,"column":8},"end":{"line":251,"column":39}},"type":"binary-expr","locations":[{"start":{"line":251,"column":8},"end":{"line":251,"column":17}},{"start":{"line":251,"column":17},"end":{"line":251,"column":39}}],"line":251},"15":{"loc":{"start":{"line":258,"column":4},"end":{"line":260,"column":null}},"type":"if","locations":[{"start":{"line":258,"column":4},"end":{"line":260,"column":null}},{"start":{},"end":{}}],"line":258},"16":{"loc":{"start":{"line":278,"column":6},"end":{"line":305,"column":null}},"type":"if","locations":[{"start":{"line":278,"column":6},"end":{"line":305,"column":null}},{"start":{},"end":{}}],"line":278},"17":{"loc":{"start":{"line":314,"column":22},"end":{"line":314,"column":null}},"type":"cond-expr","locations":[{"start":{"line":314,"column":47},"end":{"line":314,"column":60}},{"start":{"line":314,"column":63},"end":{"line":314,"column":null}}],"line":314},"18":{"loc":{"start":{"line":373,"column":4},"end":{"line":375,"column":null}},"type":"if","locations":[{"start":{"line":373,"column":4},"end":{"line":375,"column":null}},{"start":{},"end":{}}],"line":373},"19":{"loc":{"start":{"line":373,"column":8},"end":{"line":373,"column":47}},"type":"binary-expr","locations":[{"start":{"line":373,"column":8},"end":{"line":373,"column":20}},{"start":{"line":373,"column":20},"end":{"line":373,"column":47}}],"line":373}},"s":{"0":7,"1":7,"2":7,"3":7,"4":7,"5":2,"6":2,"7":1,"8":1,"9":0,"10":2,"11":1,"12":1,"13":2,"14":2,"15":1,"16":1,"17":1,"18":1,"19":1,"20":1,"21":1,"22":1,"23":1,"24":1,"25":1,"26":1,"27":0,"28":0,"29":0,"30":1,"31":1,"32":0,"33":1,"34":1,"35":1,"36":1,"37":1,"38":1,"39":1,"40":0,"41":1,"42":1,"43":1,"44":0,"45":1,"46":1,"47":1,"48":1,"49":1,"50":1,"51":1,"52":1,"53":0,"54":0,"55":0,"56":0,"57":0,"58":0,"59":0,"60":0,"61":0,"62":0,"63":0,"64":0},"f":{"0":7,"1":2,"2":0,"3":2,"4":1,"5":1,"6":1,"7":1,"8":0,"9":0},"b":{"0":[7,0],"1":[7,0],"2":[1,1],"3":[1,1],"4":[2,1],"5":[1,1],"6":[2,2],"7":[1,0],"8":[1,1],"9":[1,0],"10":[0,0],"11":[0,1],"12":[1,1],"13":[0,1],"14":[1,1],"15":[0,1],"16":[1,0],"17":[0,0],"18":[0,0],"19":[0,0]},"meta":{"lastBranch":20,"lastFunction":10,"lastStatement":65,"seen":{"f:32:2:32:Infinity":0,"s:33:21:33:42":0,"s:34:21:34:49":1,"s:28:19:28:Infinity":2,"s:36:4:36:Infinity":3,"b:36:16:36:68:36:68:36:Infinity":0,"s:37:4:39:Infinity":4,"b:38:6:38:Infinity:39:6:39:Infinity":1,"f:48:8:48:36":1,"s:49:18:55:Infinity":5,"b:69:4:71:Infinity:undefined:undefined:undefined:undefined":2,"s:69:4:71:Infinity":6,"s:70:6:70:Infinity":7,"s:73:53:88:Infinity":8,"b:77:16:77:42:77:42:77:52":3,"b:78:23:78:49:78:49:78:59":4,"f:80:44:80:45":2,"s:80:53:83:Infinity":9,"s:90:32:90:Infinity":10,"s:93:4:96:Infinity":11,"s:98:4:98:Infinity":12,"f:108:8:108:27":3,"s:109:18:111:Infinity":13,"b:113:4:115:Infinity:undefined:undefined:undefined:undefined":5,"s:113:4:115:Infinity":14,"b:113:8:113:17:113:17:113:39":6,"s:114:6:114:Infinity":15,"s:117:30:117:51":16,"s:119:49:124:Infinity":17,"s:126:4:174:Infinity":18,"s:127:27:127:Infinity":19,"b:129:6:168:Infinity:undefined:undefined:undefined:undefined":7,"s:129:6:168:Infinity":20,"b:129:10:129:31:129:35:129:64":8,"s:130:31:130:60":21,"s:131:43:131:Infinity":22,"s:133:23:133:34":23,"s:147:8:160:Infinity":24,"b:154:14:158:35:158:39:158:Infinity":9,"s:162:8:165:Infinity":25,"s:167:8:167:Infinity":26,"s:170:6:170:Infinity":27,"s:172:22:172:Infinity":28,"b:172:47:172:60:172:63:172:Infinity":10,"s:173:6:173:Infinity":29,"f:182:8:182:38":4,"s:183:18:190:Infinity":30,"b:199:4:201:Infinity:undefined:undefined:undefined:undefined":11,"s:199:4:201:Infinity":31,"s:200:6:200:Infinity":32,"s:203:52:211:Infinity":33,"f:205:42:205:43":5,"s:205:51:209:Infinity":34,"b:208:20:208:33:208:37:208:Infinity":12,"s:213:34:213:Infinity":35,"s:216:4:219:Infinity":36,"s:221:4:221:Infinity":37,"f:232:8:232:29":6,"s:233:18:240:Infinity":38,"b:251:4:253:Infinity:undefined:undefined:undefined:undefined":13,"s:251:4:253:Infinity":39,"b:251:8:251:17:251:17:251:39":14,"s:252:6:252:Infinity":40,"s:255:20:256:Infinity":41,"f:256:6:256:7":7,"s:256:14:256:61":42,"b:258:4:260:Infinity:undefined:undefined:undefined:undefined":15,"s:258:4:260:Infinity":43,"s:259:6:259:Infinity":44,"s:262:51:273:Infinity":45,"s:275:4:318:Infinity":46,"s:276:27:276:Infinity":47,"b:278:6:305:Infinity:undefined:undefined:undefined:undefined":16,"s:278:6:305:Infinity":48,"s:280:23:280:34":49,"s:289:8:296:Infinity":50,"s:299:8:302:Infinity":51,"s:304:8:304:Infinity":52,"s:307:6:309:Infinity":53,"s:311:6:311:Infinity":54,"s:313:6:313:Infinity":55,"s:314:22:314:Infinity":56,"b:314:47:314:60:314:63:314:Infinity":17,"s:315:6:316:Infinity":57,"f:322:8:322:24":8,"s:323:21:354:Infinity":58,"s:356:4:356:Infinity":59,"f:360:8:360:22":9,"s:361:20:371:Infinity":60,"b:373:4:375:Infinity:undefined:undefined:undefined:undefined":18,"s:373:4:375:Infinity":61,"b:373:8:373:20:373:20:373:47":19,"s:374:6:374:Infinity":62,"s:377:4:385:Infinity":63,"s:387:4:387:Infinity":64}}}
,"/Users/ShadyFeliu/Desktop/Projects/CircleSfera/circlesfera-backend/src/chat/chat.controller.ts": {"path":"/Users/ShadyFeliu/Desktop/Projects/CircleSfera/circlesfera-backend/src/chat/chat.controller.ts","statementMap":{"0":{"start":{"line":31,"column":31},"end":{"line":31,"column":55}},"1":{"start":{"line":38,"column":4},"end":{"line":38,"column":null}},"2":{"start":{"line":47,"column":4},"end":{"line":47,"column":null}},"3":{"start":{"line":56,"column":4},"end":{"line":59,"column":null}},"4":{"start":{"line":69,"column":4},"end":{"line":78,"column":null}},"5":{"start":{"line":88,"column":4},"end":{"line":88,"column":null}},"6":{"start":{"line":89,"column":4},"end":{"line":89,"column":null}},"7":{"start":{"line":98,"column":4},"end":{"line":98,"column":null}}},"fnMap":{"0":{"name":"(anonymous_0)","decl":{"start":{"line":31,"column":2},"end":{"line":31,"column":14}},"loc":{"start":{"line":31,"column":57},"end":{"line":31,"column":null}},"line":31},"1":{"name":"(anonymous_1)","decl":{"start":{"line":35,"column":8},"end":{"line":35,"column":null}},"loc":{"start":{"line":37,"column":29},"end":{"line":39,"column":null}},"line":37},"2":{"name":"(anonymous_2)","decl":{"start":{"line":43,"column":8},"end":{"line":43,"column":null}},"loc":{"start":{"line":46,"column":24},"end":{"line":48,"column":null}},"line":46},"3":{"name":"(anonymous_3)","decl":{"start":{"line":52,"column":8},"end":{"line":52,"column":null}},"loc":{"start":{"line":55,"column":4},"end":{"line":61,"column":null}},"line":55},"4":{"name":"(anonymous_4)","decl":{"start":{"line":65,"column":8},"end":{"line":65,"column":null}},"loc":{"start":{"line":68,"column":22},"end":{"line":80,"column":null}},"line":68},"5":{"name":"(anonymous_5)","decl":{"start":{"line":84,"column":8},"end":{"line":84,"column":null}},"loc":{"start":{"line":87,"column":4},"end":{"line":90,"column":null}},"line":87},"6":{"name":"(anonymous_6)","decl":{"start":{"line":94,"column":8},"end":{"line":94,"column":null}},"loc":{"start":{"line":97,"column":4},"end":{"line":99,"column":null}},"line":97}},"branchMap":{},"s":{"0":1,"1":0,"2":0,"3":0,"4":0,"5":0,"6":0,"7":0},"f":{"0":1,"1":0,"2":0,"3":0,"4":0,"5":0,"6":0},"b":{},"meta":{"lastBranch":0,"lastFunction":7,"lastStatement":8,"seen":{"f:31:2:31:14":0,"s:31:31:31:55":0,"f:35:8:35:Infinity":1,"s:38:4:38:Infinity":1,"f:43:8:43:Infinity":2,"s:47:4:47:Infinity":2,"f:52:8:52:Infinity":3,"s:56:4:59:Infinity":3,"f:65:8:65:Infinity":4,"s:69:4:78:Infinity":4,"f:84:8:84:Infinity":5,"s:88:4:88:Infinity":5,"s:89:4:89:Infinity":6,"f:94:8:94:Infinity":6,"s:98:4:98:Infinity":7}}}
,"/Users/ShadyFeliu/Desktop/Projects/CircleSfera/circlesfera-backend/src/chat/chat.service.ts": {"path":"/Users/ShadyFeliu/Desktop/Projects/CircleSfera/circlesfera-backend/src/chat/chat.service.ts","statementMap":{"0":{"start":{"line":19,"column":12},"end":{"line":19,"column":33}},"1":{"start":{"line":20,"column":12},"end":{"line":20,"column":32}},"2":{"start":{"line":24,"column":4},"end":{"line":24,"column":null}},"3":{"start":{"line":35,"column":33},"end":{"line":36,"column":null}},"4":{"start":{"line":36,"column":44},"end":{"line":36,"column":null}},"5":{"start":{"line":39,"column":4},"end":{"line":43,"column":null}},"6":{"start":{"line":40,"column":6},"end":{"line":41,"column":null}},"7":{"start":{"line":46,"column":4},"end":{"line":95,"column":null}},"8":{"start":{"line":47,"column":26},"end":{"line":47,"column":49}},"9":{"start":{"line":50,"column":23},"end":{"line":70,"column":null}},"10":{"start":{"line":72,"column":6},"end":{"line":72,"column":null}},"11":{"start":{"line":72,"column":20},"end":{"line":72,"column":null}},"12":{"start":{"line":75,"column":6},"end":{"line":94,"column":null}},"13":{"start":{"line":98,"column":30},"end":{"line":99,"column":null}},"14":{"start":{"line":102,"column":25},"end":{"line":122,"column":null}},"15":{"start":{"line":107,"column":49},"end":{"line":107,"column":null}},"16":{"start":{"line":124,"column":4},"end":{"line":124,"column":null}},"17":{"start":{"line":153,"column":4},"end":{"line":194,"column":null}},"18":{"start":{"line":154,"column":6},"end":{"line":157,"column":null}},"19":{"start":{"line":159,"column":6},"end":{"line":159,"column":null}},"20":{"start":{"line":159,"column":25},"end":{"line":159,"column":null}},"21":{"start":{"line":162,"column":28},"end":{"line":163,"column":null}},"22":{"start":{"line":163,"column":15},"end":{"line":163,"column":null}},"23":{"start":{"line":165,"column":6},"end":{"line":165,"column":null}},"24":{"start":{"line":165,"column":26},"end":{"line":165,"column":null}},"25":{"start":{"line":166,"column":11},"end":{"line":194,"column":null}},"26":{"start":{"line":168,"column":6},"end":{"line":177,"column":null}},"27":{"start":{"line":179,"column":6},"end":{"line":189,"column":null}},"28":{"start":{"line":180,"column":8},"end":{"line":188,"column":null}},"29":{"start":{"line":191,"column":6},"end":{"line":192,"column":null}},"30":{"start":{"line":197,"column":20},"end":{"line":244,"column":null}},"31":{"start":{"line":247,"column":4},"end":{"line":251,"column":null}},"32":{"start":{"line":248,"column":6},"end":{"line":250,"column":null}},"33":{"start":{"line":253,"column":4},"end":{"line":253,"column":null}},"34":{"start":{"line":262,"column":4},"end":{"line":270,"column":null}},"35":{"start":{"line":281,"column":4},"end":{"line":316,"column":null}},"36":{"start":{"line":333,"column":4},"end":{"line":346,"column":null}},"37":{"start":{"line":334,"column":28},"end":{"line":339,"column":null}},"38":{"start":{"line":341,"column":6},"end":{"line":345,"column":null}},"39":{"start":{"line":342,"column":8},"end":{"line":343,"column":null}},"40":{"start":{"line":348,"column":4},"end":{"line":389,"column":null}},"41":{"start":{"line":406,"column":21},"end":{"line":413,"column":null}},"42":{"start":{"line":415,"column":4},"end":{"line":420,"column":null}},"43":{"start":{"line":416,"column":6},"end":{"line":419,"column":null}},"44":{"start":{"line":422,"column":4},"end":{"line":428,"column":null}},"45":{"start":{"line":439,"column":26},"end":{"line":444,"column":null}},"46":{"start":{"line":446,"column":4},"end":{"line":450,"column":null}},"47":{"start":{"line":447,"column":6},"end":{"line":448,"column":null}},"48":{"start":{"line":453,"column":25},"end":{"line":456,"column":null}},"49":{"start":{"line":458,"column":4},"end":{"line":464,"column":null}},"50":{"start":{"line":459,"column":6},"end":{"line":463,"column":null}},"51":{"start":{"line":460,"column":8},"end":{"line":462,"column":null}},"52":{"start":{"line":467,"column":4},"end":{"line":469,"column":null}}},"fnMap":{"0":{"name":"(anonymous_0)","decl":{"start":{"line":18,"column":2},"end":{"line":18,"column":null}},"loc":{"start":{"line":21,"column":4},"end":{"line":21,"column":null}},"line":21},"1":{"name":"(anonymous_1)","decl":{"start":{"line":23,"column":14},"end":{"line":23,"column":36}},"loc":{"start":{"line":23,"column":36},"end":{"line":25,"column":null}},"line":23},"2":{"name":"(anonymous_2)","decl":{"start":{"line":34,"column":8},"end":{"line":34,"column":20}},"loc":{"start":{"line":34,"column":77},"end":{"line":125,"column":null}},"line":34},"3":{"name":"(anonymous_3)","decl":{"start":{"line":36,"column":36},"end":{"line":36,"column":37}},"loc":{"start":{"line":36,"column":44},"end":{"line":36,"column":null}},"line":36},"4":{"name":"(anonymous_4)","decl":{"start":{"line":107,"column":40},"end":{"line":107,"column":41}},"loc":{"start":{"line":107,"column":49},"end":{"line":107,"column":null}},"line":107},"5":{"name":"(anonymous_5)","decl":{"start":{"line":140,"column":8},"end":{"line":140,"column":null}},"loc":{"start":{"line":150,"column":22},"end":{"line":254,"column":null}},"line":150},"6":{"name":"(anonymous_6)","decl":{"start":{"line":163,"column":8},"end":{"line":163,"column":9}},"loc":{"start":{"line":163,"column":15},"end":{"line":163,"column":null}},"line":163},"7":{"name":"(anonymous_7)","decl":{"start":{"line":247,"column":38},"end":{"line":247,"column":39}},"loc":{"start":{"line":247,"column":39},"end":{"line":251,"column":null}},"line":247},"8":{"name":"(anonymous_8)","decl":{"start":{"line":261,"column":8},"end":{"line":261,"column":19}},"loc":{"start":{"line":261,"column":59},"end":{"line":271,"column":null}},"line":261},"9":{"name":"(anonymous_9)","decl":{"start":{"line":279,"column":8},"end":{"line":279,"column":25}},"loc":{"start":{"line":279,"column":66},"end":{"line":317,"column":null}},"line":279},"10":{"name":"(anonymous_10)","decl":{"start":{"line":328,"column":8},"end":{"line":328,"column":null}},"loc":{"start":{"line":332,"column":24},"end":{"line":390,"column":null}},"line":332},"11":{"name":"(anonymous_11)","decl":{"start":{"line":400,"column":8},"end":{"line":400,"column":null}},"loc":{"start":{"line":404,"column":30},"end":{"line":429,"column":null}},"line":404},"12":{"name":"(anonymous_12)","decl":{"start":{"line":438,"column":8},"end":{"line":438,"column":27}},"loc":{"start":{"line":438,"column":67},"end":{"line":470,"column":null}},"line":438},"13":{"name":"(anonymous_13)","decl":{"start":{"line":459,"column":40},"end":{"line":459,"column":41}},"loc":{"start":{"line":459,"column":41},"end":{"line":463,"column":null}},"line":459}},"branchMap":{"0":{"loc":{"start":{"line":39,"column":4},"end":{"line":43,"column":null}},"type":"if","locations":[{"start":{"line":39,"column":4},"end":{"line":43,"column":null}},{"start":{},"end":{}}],"line":39},"1":{"loc":{"start":{"line":46,"column":4},"end":{"line":95,"column":null}},"type":"if","locations":[{"start":{"line":46,"column":4},"end":{"line":95,"column":null}},{"start":{},"end":{}}],"line":46},"2":{"loc":{"start":{"line":46,"column":8},"end":{"line":46,"column":52}},"type":"binary-expr","locations":[{"start":{"line":46,"column":8},"end":{"line":46,"column":45}},{"start":{"line":46,"column":45},"end":{"line":46,"column":52}}],"line":46},"3":{"loc":{"start":{"line":72,"column":6},"end":{"line":72,"column":null}},"type":"if","locations":[{"start":{"line":72,"column":6},"end":{"line":72,"column":null}},{"start":{},"end":{}}],"line":72},"4":{"loc":{"start":{"line":153,"column":4},"end":{"line":194,"column":null}},"type":"if","locations":[{"start":{"line":153,"column":4},"end":{"line":194,"column":null}},{"start":{"line":166,"column":11},"end":{"line":194,"column":null}}],"line":153},"5":{"loc":{"start":{"line":159,"column":6},"end":{"line":159,"column":null}},"type":"if","locations":[{"start":{"line":159,"column":6},"end":{"line":159,"column":null}},{"start":{},"end":{}}],"line":159},"6":{"loc":{"start":{"line":165,"column":6},"end":{"line":165,"column":null}},"type":"if","locations":[{"start":{"line":165,"column":6},"end":{"line":165,"column":null}},{"start":{},"end":{}}],"line":165},"7":{"loc":{"start":{"line":166,"column":11},"end":{"line":194,"column":null}},"type":"if","locations":[{"start":{"line":166,"column":11},"end":{"line":194,"column":null}},{"start":{"line":190,"column":11},"end":{"line":194,"column":null}}],"line":166},"8":{"loc":{"start":{"line":179,"column":6},"end":{"line":189,"column":null}},"type":"if","locations":[{"start":{"line":179,"column":6},"end":{"line":189,"column":null}},{"start":{},"end":{}}],"line":179},"9":{"loc":{"start":{"line":330,"column":4},"end":{"line":330,"column":14}},"type":"default-arg","locations":[{"start":{"line":330,"column":12},"end":{"line":330,"column":14}}],"line":330},"10":{"loc":{"start":{"line":333,"column":4},"end":{"line":346,"column":null}},"type":"if","locations":[{"start":{"line":333,"column":4},"end":{"line":346,"column":null}},{"start":{},"end":{}}],"line":333},"11":{"loc":{"start":{"line":341,"column":6},"end":{"line":345,"column":null}},"type":"if","locations":[{"start":{"line":341,"column":6},"end":{"line":345,"column":null}},{"start":{},"end":{}}],"line":341},"12":{"loc":{"start":{"line":415,"column":4},"end":{"line":420,"column":null}},"type":"if","locations":[{"start":{"line":415,"column":4},"end":{"line":420,"column":null}},{"start":{},"end":{}}],"line":415},"13":{"loc":{"start":{"line":446,"column":4},"end":{"line":450,"column":null}},"type":"if","locations":[{"start":{"line":446,"column":4},"end":{"line":450,"column":null}},{"start":{},"end":{}}],"line":446},"14":{"loc":{"start":{"line":458,"column":4},"end":{"line":464,"column":null}},"type":"if","locations":[{"start":{"line":458,"column":4},"end":{"line":464,"column":null}},{"start":{},"end":{}}],"line":458}},"s":{"0":19,"1":19,"2":6,"3":4,"4":8,"5":4,"6":1,"7":3,"8":2,"9":2,"10":2,"11":1,"12":1,"13":1,"14":1,"15":3,"16":1,"17":5,"18":3,"19":3,"20":1,"21":2,"22":2,"23":2,"24":1,"25":2,"26":1,"27":1,"28":1,"29":1,"30":2,"31":2,"32":4,"33":2,"34":1,"35":1,"36":3,"37":2,"38":2,"39":1,"40":2,"41":2,"42":2,"43":1,"44":1,"45":2,"46":2,"47":1,"48":1,"49":1,"50":1,"51":2,"52":1},"f":{"0":19,"1":6,"2":4,"3":8,"4":3,"5":5,"6":2,"7":4,"8":1,"9":1,"10":3,"11":2,"12":2,"13":2},"b":{"0":[1,3],"1":[2,1],"2":[3,2],"3":[1,1],"4":[3,2],"5":[1,2],"6":[1,1],"7":[1,1],"8":[1,0],"9":[3],"10":[2,1],"11":[1,1],"12":[1,1],"13":[1,1],"14":[1,0]},"meta":{"lastBranch":15,"lastFunction":14,"lastStatement":53,"seen":{"f:18:2:18:Infinity":0,"s:19:12:19:33":0,"s:20:12:20:32":1,"f:23:14:23:36":1,"s:24:4:24:Infinity":2,"f:34:8:34:20":2,"s:35:33:36:Infinity":3,"f:36:36:36:37":3,"s:36:44:36:Infinity":4,"b:39:4:43:Infinity:undefined:undefined:undefined:undefined":0,"s:39:4:43:Infinity":5,"s:40:6:41:Infinity":6,"b:46:4:95:Infinity:undefined:undefined:undefined:undefined":1,"s:46:4:95:Infinity":7,"b:46:8:46:45:46:45:46:52":2,"s:47:26:47:49":8,"s:50:23:70:Infinity":9,"b:72:6:72:Infinity:undefined:undefined:undefined:undefined":3,"s:72:6:72:Infinity":10,"s:72:20:72:Infinity":11,"s:75:6:94:Infinity":12,"s:98:30:99:Infinity":13,"s:102:25:122:Infinity":14,"f:107:40:107:41":4,"s:107:49:107:Infinity":15,"s:124:4:124:Infinity":16,"f:140:8:140:Infinity":5,"b:153:4:194:Infinity:166:11:194:Infinity":4,"s:153:4:194:Infinity":17,"s:154:6:157:Infinity":18,"b:159:6:159:Infinity:undefined:undefined:undefined:undefined":5,"s:159:6:159:Infinity":19,"s:159:25:159:Infinity":20,"s:162:28:163:Infinity":21,"f:163:8:163:9":6,"s:163:15:163:Infinity":22,"b:165:6:165:Infinity:undefined:undefined:undefined:undefined":6,"s:165:6:165:Infinity":23,"s:165:26:165:Infinity":24,"b:166:11:194:Infinity:190:11:194:Infinity":7,"s:166:11:194:Infinity":25,"s:168:6:177:Infinity":26,"b:179:6:189:Infinity:undefined:undefined:undefined:undefined":8,"s:179:6:189:Infinity":27,"s:180:8:188:Infinity":28,"s:191:6:192:Infinity":29,"s:197:20:244:Infinity":30,"s:247:4:251:Infinity":31,"f:247:38:247:39":7,"s:248:6:250:Infinity":32,"s:253:4:253:Infinity":33,"f:261:8:261:19":8,"s:262:4:270:Infinity":34,"f:279:8:279:25":9,"s:281:4:316:Infinity":35,"f:328:8:328:Infinity":10,"b:330:12:330:14":9,"b:333:4:346:Infinity:undefined:undefined:undefined:undefined":10,"s:333:4:346:Infinity":36,"s:334:28:339:Infinity":37,"b:341:6:345:Infinity:undefined:undefined:undefined:undefined":11,"s:341:6:345:Infinity":38,"s:342:8:343:Infinity":39,"s:348:4:389:Infinity":40,"f:400:8:400:Infinity":11,"s:406:21:413:Infinity":41,"b:415:4:420:Infinity:undefined:undefined:undefined:undefined":12,"s:415:4:420:Infinity":42,"s:416:6:419:Infinity":43,"s:422:4:428:Infinity":44,"f:438:8:438:27":12,"s:439:26:444:Infinity":45,"b:446:4:450:Infinity:undefined:undefined:undefined:undefined":13,"s:446:4:450:Infinity":46,"s:447:6:448:Infinity":47,"s:453:25:456:Infinity":48,"b:458:4:464:Infinity:undefined:undefined:undefined:undefined":14,"s:458:4:464:Infinity":49,"s:459:6:463:Infinity":50,"f:459:40:459:41":13,"s:460:8:462:Infinity":51,"s:467:4:469:Infinity":52}}}
,"/Users/ShadyFeliu/Desktop/Projects/CircleSfera/circlesfera-backend/src/chat/dto/create-group.dto.ts": {"path":"/Users/ShadyFeliu/Desktop/Projects/CircleSfera/circlesfera-backend/src/chat/dto/create-group.dto.ts","statementMap":{"0":{"start":{"line":20,"column":22},"end":{"line":20,"column":null}}},"fnMap":{},"branchMap":{},"s":{"0":0},"f":{},"b":{},"meta":{"lastBranch":0,"lastFunction":0,"lastStatement":1,"seen":{"s:20:22:20:Infinity":0}}}
,"/Users/ShadyFeliu/Desktop/Projects/CircleSfera/circlesfera-backend/src/chat/dto/send-message.dto.ts": {"path":"/Users/ShadyFeliu/Desktop/Projects/CircleSfera/circlesfera-backend/src/chat/dto/send-message.dto.ts","statementMap":{},"fnMap":{},"branchMap":{},"s":{},"f":{},"b":{},"meta":{"lastBranch":0,"lastFunction":0,"lastStatement":0,"seen":{}}}
,"/Users/ShadyFeliu/Desktop/Projects/CircleSfera/circlesfera-backend/src/comments/comments.service.ts": {"path":"/Users/ShadyFeliu/Desktop/Projects/CircleSfera/circlesfera-backend/src/comments/comments.service.ts","statementMap":{"0":{"start":{"line":21,"column":21},"end":{"line":21,"column":42}},"1":{"start":{"line":22,"column":21},"end":{"line":22,"column":63}},"2":{"start":{"line":34,"column":17},"end":{"line":34,"column":null}},"3":{"start":{"line":36,"column":4},"end":{"line":38,"column":null}},"4":{"start":{"line":37,"column":6},"end":{"line":37,"column":null}},"5":{"start":{"line":40,"column":20},"end":{"line":54,"column":null}},"6":{"start":{"line":57,"column":4},"end":{"line":65,"column":null}},"7":{"start":{"line":58,"column":6},"end":{"line":64,"column":null}},"8":{"start":{"line":68,"column":4},"end":{"line":100,"column":null}},"9":{"start":{"line":75,"column":23},"end":{"line":75,"column":null}},"10":{"start":{"line":76,"column":6},"end":{"line":99,"column":null}},"11":{"start":{"line":77,"column":31},"end":{"line":77,"column":null}},"12":{"start":{"line":77,"column":63},"end":{"line":77,"column":76}},"13":{"start":{"line":80,"column":25},"end":{"line":86,"column":null}},"14":{"start":{"line":88,"column":8},"end":{"line":96,"column":null}},"15":{"start":{"line":90,"column":12},"end":{"line":96,"column":null}},"16":{"start":{"line":103,"column":4},"end":{"line":120,"column":null}},"17":{"start":{"line":104,"column":28},"end":{"line":106,"column":null}},"18":{"start":{"line":108,"column":6},"end":{"line":119,"column":null}},"19":{"start":{"line":112,"column":8},"end":{"line":118,"column":null}},"20":{"start":{"line":122,"column":4},"end":{"line":122,"column":null}},"21":{"start":{"line":131,"column":37},"end":{"line":131,"column":null}},"22":{"start":{"line":132,"column":17},"end":{"line":132,"column":null}},"23":{"start":{"line":134,"column":30},"end":{"line":168,"column":null}},"24":{"start":{"line":170,"column":4},"end":{"line":170,"column":null}},"25":{"start":{"line":181,"column":20},"end":{"line":183,"column":null}},"26":{"start":{"line":185,"column":4},"end":{"line":187,"column":null}},"27":{"start":{"line":186,"column":6},"end":{"line":186,"column":null}},"28":{"start":{"line":189,"column":4},"end":{"line":191,"column":null}},"29":{"start":{"line":190,"column":6},"end":{"line":190,"column":null}},"30":{"start":{"line":193,"column":4},"end":{"line":193,"column":null}},"31":{"start":{"line":198,"column":20},"end":{"line":201,"column":null}},"32":{"start":{"line":202,"column":4},"end":{"line":202,"column":null}},"33":{"start":{"line":202,"column":18},"end":{"line":202,"column":null}},"34":{"start":{"line":204,"column":25},"end":{"line":206,"column":null}},"35":{"start":{"line":208,"column":4},"end":{"line":222,"column":null}},"36":{"start":{"line":209,"column":6},"end":{"line":211,"column":null}},"37":{"start":{"line":213,"column":6},"end":{"line":221,"column":null}},"38":{"start":{"line":214,"column":8},"end":{"line":220,"column":null}},"39":{"start":{"line":227,"column":25},"end":{"line":229,"column":null}},"40":{"start":{"line":231,"column":4},"end":{"line":235,"column":null}},"41":{"start":{"line":232,"column":6},"end":{"line":234,"column":null}}},"fnMap":{"0":{"name":"(anonymous_0)","decl":{"start":{"line":20,"column":2},"end":{"line":20,"column":null}},"loc":{"start":{"line":23,"column":4},"end":{"line":23,"column":null}},"line":23},"1":{"name":"(anonymous_1)","decl":{"start":{"line":33,"column":8},"end":{"line":33,"column":15}},"loc":{"start":{"line":33,"column":70},"end":{"line":123,"column":null}},"line":33},"2":{"name":"(anonymous_2)","decl":{"start":{"line":77,"column":56},"end":{"line":77,"column":57}},"loc":{"start":{"line":77,"column":63},"end":{"line":77,"column":76}},"line":77},"3":{"name":"(anonymous_3)","decl":{"start":{"line":89,"column":23},"end":{"line":89,"column":24}},"loc":{"start":{"line":90,"column":12},"end":{"line":96,"column":null}},"line":90},"4":{"name":"(anonymous_4)","decl":{"start":{"line":130,"column":8},"end":{"line":130,"column":19}},"loc":{"start":{"line":130,"column":62},"end":{"line":171,"column":null}},"line":130},"5":{"name":"(anonymous_5)","decl":{"start":{"line":180,"column":8},"end":{"line":180,"column":15}},"loc":{"start":{"line":180,"column":43},"end":{"line":194,"column":null}},"line":180},"6":{"name":"(anonymous_6)","decl":{"start":{"line":197,"column":8},"end":{"line":197,"column":20}},"loc":{"start":{"line":197,"column":55},"end":{"line":223,"column":null}},"line":197},"7":{"name":"(anonymous_7)","decl":{"start":{"line":226,"column":8},"end":{"line":226,"column":22}},"loc":{"start":{"line":226,"column":57},"end":{"line":236,"column":null}},"line":226}},"branchMap":{"0":{"loc":{"start":{"line":36,"column":4},"end":{"line":38,"column":null}},"type":"if","locations":[{"start":{"line":36,"column":4},"end":{"line":38,"column":null}},{"start":{},"end":{}}],"line":36},"1":{"loc":{"start":{"line":57,"column":4},"end":{"line":65,"column":null}},"type":"if","locations":[{"start":{"line":57,"column":4},"end":{"line":65,"column":null}},{"start":{},"end":{}}],"line":57},"2":{"loc":{"start":{"line":68,"column":4},"end":{"line":100,"column":null}},"type":"if","locations":[{"start":{"line":68,"column":4},"end":{"line":100,"column":null}},{"start":{},"end":{}}],"line":68},"3":{"loc":{"start":{"line":76,"column":6},"end":{"line":99,"column":null}},"type":"if","locations":[{"start":{"line":76,"column":6},"end":{"line":99,"column":null}},{"start":{},"end":{}}],"line":76},"4":{"loc":{"start":{"line":103,"column":4},"end":{"line":120,"column":null}},"type":"if","locations":[{"start":{"line":103,"column":4},"end":{"line":120,"column":null}},{"start":{},"end":{}}],"line":103},"5":{"loc":{"start":{"line":108,"column":6},"end":{"line":119,"column":null}},"type":"if","locations":[{"start":{"line":108,"column":6},"end":{"line":119,"column":null}},{"start":{},"end":{}}],"line":108},"6":{"loc":{"start":{"line":108,"column":10},"end":{"line":108,"column":60}},"type":"binary-expr","locations":[{"start":{"line":108,"column":10},"end":{"line":108,"column":27}},{"start":{"line":108,"column":27},"end":{"line":108,"column":60}}],"line":108},"7":{"loc":{"start":{"line":131,"column":12},"end":{"line":131,"column":20}},"type":"default-arg","locations":[{"start":{"line":131,"column":19},"end":{"line":131,"column":20}}],"line":131},"8":{"loc":{"start":{"line":131,"column":22},"end":{"line":131,"column":32}},"type":"default-arg","locations":[{"start":{"line":131,"column":30},"end":{"line":131,"column":32}}],"line":131},"9":{"loc":{"start":{"line":185,"column":4},"end":{"line":187,"column":null}},"type":"if","locations":[{"start":{"line":185,"column":4},"end":{"line":187,"column":null}},{"start":{},"end":{}}],"line":185},"10":{"loc":{"start":{"line":189,"column":4},"end":{"line":191,"column":null}},"type":"if","locations":[{"start":{"line":189,"column":4},"end":{"line":191,"column":null}},{"start":{},"end":{}}],"line":189},"11":{"loc":{"start":{"line":202,"column":4},"end":{"line":202,"column":null}},"type":"if","locations":[{"start":{"line":202,"column":4},"end":{"line":202,"column":null}},{"start":{},"end":{}}],"line":202},"12":{"loc":{"start":{"line":208,"column":4},"end":{"line":222,"column":null}},"type":"if","locations":[{"start":{"line":208,"column":4},"end":{"line":222,"column":null}},{"start":{},"end":{}}],"line":208},"13":{"loc":{"start":{"line":213,"column":6},"end":{"line":221,"column":null}},"type":"if","locations":[{"start":{"line":213,"column":6},"end":{"line":221,"column":null}},{"start":{},"end":{}}],"line":213},"14":{"loc":{"start":{"line":231,"column":4},"end":{"line":235,"column":null}},"type":"if","locations":[{"start":{"line":231,"column":4},"end":{"line":235,"column":null}},{"start":{},"end":{}}],"line":231}},"s":{"0":7,"1":7,"2":3,"3":3,"4":1,"5":2,"6":2,"7":1,"8":2,"9":2,"10":2,"11":1,"12":1,"13":1,"14":1,"15":1,"16":2,"17":1,"18":1,"19":1,"20":2,"21":1,"22":1,"23":1,"24":1,"25":2,"26":2,"27":0,"28":2,"29":1,"30":1,"31":0,"32":0,"33":0,"34":0,"35":0,"36":0,"37":0,"38":0,"39":0,"40":0,"41":0},"f":{"0":7,"1":3,"2":1,"3":1,"4":1,"5":2,"6":0,"7":0},"b":{"0":[1,2],"1":[1,1],"2":[2,0],"3":[1,1],"4":[1,1],"5":[1,0],"6":[1,1],"7":[1],"8":[1],"9":[0,2],"10":[1,1],"11":[0,0],"12":[0,0],"13":[0,0],"14":[0,0]},"meta":{"lastBranch":15,"lastFunction":8,"lastStatement":42,"seen":{"f:20:2:20:Infinity":0,"s:21:21:21:42":0,"s:22:21:22:63":1,"f:33:8:33:15":1,"s:34:17:34:Infinity":2,"b:36:4:38:Infinity:undefined:undefined:undefined:undefined":0,"s:36:4:38:Infinity":3,"s:37:6:37:Infinity":4,"s:40:20:54:Infinity":5,"b:57:4:65:Infinity:undefined:undefined:undefined:undefined":1,"s:57:4:65:Infinity":6,"s:58:6:64:Infinity":7,"b:68:4:100:Infinity:undefined:undefined:undefined:undefined":2,"s:68:4:100:Infinity":8,"s:75:23:75:Infinity":9,"b:76:6:99:Infinity:undefined:undefined:undefined:undefined":3,"s:76:6:99:Infinity":10,"s:77:31:77:Infinity":11,"f:77:56:77:57":2,"s:77:63:77:76":12,"s:80:25:86:Infinity":13,"s:88:8:96:Infinity":14,"f:89:23:89:24":3,"s:90:12:96:Infinity":15,"b:103:4:120:Infinity:undefined:undefined:undefined:undefined":4,"s:103:4:120:Infinity":16,"s:104:28:106:Infinity":17,"b:108:6:119:Infinity:undefined:undefined:undefined:undefined":5,"s:108:6:119:Infinity":18,"b:108:10:108:27:108:27:108:60":6,"s:112:8:118:Infinity":19,"s:122:4:122:Infinity":20,"f:130:8:130:19":4,"s:131:37:131:Infinity":21,"b:131:19:131:20":7,"b:131:30:131:32":8,"s:132:17:132:Infinity":22,"s:134:30:168:Infinity":23,"s:170:4:170:Infinity":24,"f:180:8:180:15":5,"s:181:20:183:Infinity":25,"b:185:4:187:Infinity:undefined:undefined:undefined:undefined":9,"s:185:4:187:Infinity":26,"s:186:6:186:Infinity":27,"b:189:4:191:Infinity:undefined:undefined:undefined:undefined":10,"s:189:4:191:Infinity":28,"s:190:6:190:Infinity":29,"s:193:4:193:Infinity":30,"f:197:8:197:20":6,"s:198:20:201:Infinity":31,"b:202:4:202:Infinity:undefined:undefined:undefined:undefined":11,"s:202:4:202:Infinity":32,"s:202:18:202:Infinity":33,"s:204:25:206:Infinity":34,"b:208:4:222:Infinity:undefined:undefined:undefined:undefined":12,"s:208:4:222:Infinity":35,"s:209:6:211:Infinity":36,"b:213:6:221:Infinity:undefined:undefined:undefined:undefined":13,"s:213:6:221:Infinity":37,"s:214:8:220:Infinity":38,"f:226:8:226:22":7,"s:227:25:229:Infinity":39,"b:231:4:235:Infinity:undefined:undefined:undefined:undefined":14,"s:231:4:235:Infinity":40,"s:232:6:234:Infinity":41}}}
,"/Users/ShadyFeliu/Desktop/Projects/CircleSfera/circlesfera-backend/src/common/config/cookie.config.ts": {"path":"/Users/ShadyFeliu/Desktop/Projects/CircleSfera/circlesfera-backend/src/common/config/cookie.config.ts","statementMap":{"0":{"start":{"line":8,"column":21},"end":{"line":8,"column":null}},"1":{"start":{"line":11,"column":41},"end":{"line":16,"column":null}},"2":{"start":{"line":19,"column":35},"end":{"line":19,"column":null}},"3":{"start":{"line":20,"column":55},"end":{"line":23,"column":null}},"4":{"start":{"line":26,"column":36},"end":{"line":26,"column":null}},"5":{"start":{"line":27,"column":56},"end":{"line":30,"column":null}},"6":{"start":{"line":33,"column":49},"end":{"line":38,"column":null}}},"fnMap":{},"branchMap":{},"s":{"0":7,"1":7,"2":7,"3":7,"4":7,"5":7,"6":7},"f":{},"b":{},"meta":{"lastBranch":0,"lastFunction":0,"lastStatement":7,"seen":{"s:8:21:8:Infinity":0,"s:11:41:16:Infinity":1,"s:19:35:19:Infinity":2,"s:20:55:23:Infinity":3,"s:26:36:26:Infinity":4,"s:27:56:30:Infinity":5,"s:33:49:38:Infinity":6}}}
,"/Users/ShadyFeliu/Desktop/Projects/CircleSfera/circlesfera-backend/src/common/config/csrf.config.ts": {"path":"/Users/ShadyFeliu/Desktop/Projects/CircleSfera/circlesfera-backend/src/common/config/csrf.config.ts","statementMap":{"0":{"start":{"line":4,"column":32},"end":{"line":4,"column":null}},"1":{"start":{"line":9,"column":22},"end":{"line":52,"column":null}},"2":{"start":{"line":12,"column":19},"end":{"line":12,"column":null}},"3":{"start":{"line":13,"column":4},"end":{"line":15,"column":null}},"4":{"start":{"line":14,"column":6},"end":{"line":14,"column":null}},"5":{"start":{"line":16,"column":4},"end":{"line":16,"column":null}},"6":{"start":{"line":28,"column":4},"end":{"line":28,"column":null}},"7":{"start":{"line":33,"column":24},"end":{"line":33,"column":null}},"8":{"start":{"line":34,"column":25},"end":{"line":34,"column":null}},"9":{"start":{"line":36,"column":23},"end":{"line":48,"column":null}},"10":{"start":{"line":37,"column":6},"end":{"line":37,"column":null}},"11":{"start":{"line":37,"column":18},"end":{"line":37,"column":null}},"12":{"start":{"line":38,"column":6},"end":{"line":47,"column":null}},"13":{"start":{"line":39,"column":24},"end":{"line":39,"column":null}},"14":{"start":{"line":40,"column":8},"end":{"line":40,"column":null}},"15":{"start":{"line":40,"column":22},"end":{"line":40,"column":null}},"16":{"start":{"line":41,"column":24},"end":{"line":42,"column":null}},"17":{"start":{"line":44,"column":8},"end":{"line":44,"column":null}},"18":{"start":{"line":46,"column":8},"end":{"line":46,"column":null}},"19":{"start":{"line":50,"column":4},"end":{"line":50,"column":null}}},"fnMap":{"0":{"name":"(anonymous_0)","decl":{"start":{"line":11,"column":13},"end":{"line":11,"column":null}},"loc":{"start":{"line":11,"column":13},"end":{"line":17,"column":null}},"line":11},"1":{"name":"(anonymous_1)","decl":{"start":{"line":27,"column":27},"end":{"line":27,"column":28}},"loc":{"start":{"line":27,"column":28},"end":{"line":29,"column":null}},"line":27},"2":{"name":"(anonymous_2)","decl":{"start":{"line":30,"column":24},"end":{"line":30,"column":25}},"loc":{"start":{"line":30,"column":25},"end":{"line":51,"column":null}},"line":30},"3":{"name":"(anonymous_3)","decl":{"start":{"line":36,"column":23},"end":{"line":36,"column":24}},"loc":{"start":{"line":36,"column":24},"end":{"line":48,"column":null}},"line":36}},"branchMap":{"0":{"loc":{"start":{"line":13,"column":4},"end":{"line":15,"column":null}},"type":"if","locations":[{"start":{"line":13,"column":4},"end":{"line":15,"column":null}},{"start":{},"end":{}}],"line":13},"1":{"loc":{"start":{"line":20,"column":14},"end":{"line":20,"column":null}},"type":"cond-expr","locations":[{"start":{"line":20,"column":54},"end":{"line":20,"column":63}},{"start":{"line":20,"column":63},"end":{"line":20,"column":null}}],"line":20},"2":{"loc":{"start":{"line":28,"column":11},"end":{"line":28,"column":null}},"type":"binary-expr","locations":[{"start":{"line":28,"column":11},"end":{"line":28,"column":54}},{"start":{"line":28,"column":54},"end":{"line":28,"column":null}}],"line":28},"3":{"loc":{"start":{"line":37,"column":6},"end":{"line":37,"column":null}},"type":"if","locations":[{"start":{"line":37,"column":6},"end":{"line":37,"column":null}},{"start":{},"end":{}}],"line":37},"4":{"loc":{"start":{"line":40,"column":8},"end":{"line":40,"column":null}},"type":"if","locations":[{"start":{"line":40,"column":8},"end":{"line":40,"column":null}},{"start":{},"end":{}}],"line":40},"5":{"loc":{"start":{"line":44,"column":15},"end":{"line":44,"column":null}},"type":"binary-expr","locations":[{"start":{"line":44,"column":15},"end":{"line":44,"column":30}},{"start":{"line":44,"column":30},"end":{"line":44,"column":null}}],"line":44},"6":{"loc":{"start":{"line":50,"column":11},"end":{"line":50,"column":null}},"type":"binary-expr","locations":[{"start":{"line":50,"column":11},"end":{"line":50,"column":38}},{"start":{"line":50,"column":38},"end":{"line":50,"column":66}},{"start":{"line":50,"column":66},"end":{"line":50,"column":null}}],"line":50}},"s":{"0":1,"1":1,"2":0,"3":0,"4":0,"5":0,"6":0,"7":0,"8":0,"9":0,"10":0,"11":0,"12":0,"13":0,"14":0,"15":0,"16":0,"17":0,"18":0,"19":0},"f":{"0":0,"1":0,"2":0,"3":0},"b":{"0":[0,0],"1":[0,1],"2":[0,0],"3":[0,0],"4":[0,0],"5":[0,0],"6":[0,0,0]},"meta":{"lastBranch":7,"lastFunction":4,"lastStatement":20,"seen":{"s:4:32:4:Infinity":0,"s:9:22:52:Infinity":1,"f:11:13:11:Infinity":0,"s:12:19:12:Infinity":2,"b:13:4:15:Infinity:undefined:undefined:undefined:undefined":0,"s:13:4:15:Infinity":3,"s:14:6:14:Infinity":4,"s:16:4:16:Infinity":5,"b:20:54:20:63:20:63:20:Infinity":1,"f:27:27:27:28":1,"s:28:4:28:Infinity":6,"b:28:11:28:54:28:54:28:Infinity":2,"f:30:24:30:25":2,"s:33:24:33:Infinity":7,"s:34:25:34:Infinity":8,"s:36:23:48:Infinity":9,"f:36:23:36:24":3,"b:37:6:37:Infinity:undefined:undefined:undefined:undefined":3,"s:37:6:37:Infinity":10,"s:37:18:37:Infinity":11,"s:38:6:47:Infinity":12,"s:39:24:39:Infinity":13,"b:40:8:40:Infinity:undefined:undefined:undefined:undefined":4,"s:40:8:40:Infinity":14,"s:40:22:40:Infinity":15,"s:41:24:42:Infinity":16,"s:44:8:44:Infinity":17,"b:44:15:44:30:44:30:44:Infinity":5,"s:46:8:46:Infinity":18,"s:50:4:50:Infinity":19,"b:50:11:50:38:50:38:50:66:50:66:50:Infinity":6}}}
,"/Users/ShadyFeliu/Desktop/Projects/CircleSfera/circlesfera-backend/src/common/dto/pagination.dto.ts": {"path":"/Users/ShadyFeliu/Desktop/Projects/CircleSfera/circlesfera-backend/src/common/dto/pagination.dto.ts","statementMap":{"0":{"start":{"line":9,"column":18},"end":{"line":9,"column":null}},"1":{"start":{"line":16,"column":19},"end":{"line":16,"column":null}},"2":{"start":{"line":35,"column":2},"end":{"line":43,"column":null}}},"fnMap":{"0":{"name":"createPaginatedResult","decl":{"start":{"line":29,"column":16},"end":{"line":29,"column":null}},"loc":{"start":{"line":33,"column":15},"end":{"line":44,"column":null}},"line":33}},"branchMap":{},"s":{"0":0,"1":0,"2":4},"f":{"0":4},"b":{},"meta":{"lastBranch":0,"lastFunction":1,"lastStatement":3,"seen":{"s:9:18:9:Infinity":0,"s:16:19:16:Infinity":1,"f:29:16:29:Infinity":0,"s:35:2:43:Infinity":2}}}
,"/Users/ShadyFeliu/Desktop/Projects/CircleSfera/circlesfera-backend/src/email/email.service.ts": {"path":"/Users/ShadyFeliu/Desktop/Projects/CircleSfera/circlesfera-backend/src/email/email.service.ts","statementMap":{"0":{"start":{"line":15,"column":22},"end":{"line":15,"column":50}},"1":{"start":{"line":12,"column":19},"end":{"line":12,"column":null}},"2":{"start":{"line":16,"column":19},"end":{"line":16,"column":null}},"3":{"start":{"line":17,"column":4},"end":{"line":23,"column":null}},"4":{"start":{"line":18,"column":6},"end":{"line":18,"column":null}},"5":{"start":{"line":20,"column":6},"end":{"line":21,"column":null}},"6":{"start":{"line":32,"column":4},"end":{"line":132,"column":null}},"7":{"start":{"line":142,"column":6},"end":{"line":142,"column":null}},"8":{"start":{"line":144,"column":16},"end":{"line":144,"column":60}},"9":{"start":{"line":146,"column":4},"end":{"line":185,"column":null}},"10":{"start":{"line":195,"column":6},"end":{"line":195,"column":null}},"11":{"start":{"line":197,"column":16},"end":{"line":197,"column":62}},"12":{"start":{"line":199,"column":4},"end":{"line":238,"column":null}},"13":{"start":{"line":250,"column":4},"end":{"line":255,"column":null}},"14":{"start":{"line":251,"column":6},"end":{"line":252,"column":null}},"15":{"start":{"line":254,"column":6},"end":{"line":254,"column":null}},"16":{"start":{"line":258,"column":6},"end":{"line":258,"column":null}},"17":{"start":{"line":260,"column":6},"end":{"line":260,"column":null}},"18":{"start":{"line":262,"column":4},"end":{"line":276,"column":null}},"19":{"start":{"line":263,"column":6},"end":{"line":268,"column":null}},"20":{"start":{"line":269,"column":6},"end":{"line":269,"column":null}},"21":{"start":{"line":271,"column":6},"end":{"line":271,"column":null}},"22":{"start":{"line":273,"column":6},"end":{"line":275,"column":null}},"23":{"start":{"line":274,"column":8},"end":{"line":274,"column":null}}},"fnMap":{"0":{"name":"(anonymous_0)","decl":{"start":{"line":15,"column":2},"end":{"line":15,"column":14}},"loc":{"start":{"line":15,"column":52},"end":{"line":24,"column":null}},"line":15},"1":{"name":"(anonymous_1)","decl":{"start":{"line":31,"column":8},"end":{"line":31,"column":25}},"loc":{"start":{"line":31,"column":54},"end":{"line":133,"column":null}},"line":31},"2":{"name":"(anonymous_2)","decl":{"start":{"line":140,"column":8},"end":{"line":140,"column":30}},"loc":{"start":{"line":140,"column":60},"end":{"line":186,"column":null}},"line":140},"3":{"name":"(anonymous_3)","decl":{"start":{"line":193,"column":8},"end":{"line":193,"column":31}},"loc":{"start":{"line":193,"column":61},"end":{"line":239,"column":null}},"line":193},"4":{"name":"(anonymous_4)","decl":{"start":{"line":245,"column":16},"end":{"line":245,"column":25}},"loc":{"start":{"line":249,"column":5},"end":{"line":277,"column":null}},"line":249}},"branchMap":{"0":{"loc":{"start":{"line":17,"column":4},"end":{"line":23,"column":null}},"type":"if","locations":[{"start":{"line":17,"column":4},"end":{"line":23,"column":null}},{"start":{"line":19,"column":11},"end":{"line":23,"column":null}}],"line":17},"1":{"loc":{"start":{"line":142,"column":6},"end":{"line":142,"column":null}},"type":"binary-expr","locations":[{"start":{"line":142,"column":6},"end":{"line":142,"column":56}},{"start":{"line":142,"column":56},"end":{"line":142,"column":null}}],"line":142},"2":{"loc":{"start":{"line":195,"column":6},"end":{"line":195,"column":null}},"type":"binary-expr","locations":[{"start":{"line":195,"column":6},"end":{"line":195,"column":56}},{"start":{"line":195,"column":56},"end":{"line":195,"column":null}
[...]
art":{"line":211,"column":8},"end":{"line":211,"column":13}},"loc":{"start":{"line":211,"column":61},"end":{"line":231,"column":null}},"line":211},"10":{"name":"(anonymous_10)","decl":{"start":{"line":238,"column":8},"end":{"line":238,"column":17}},"loc":{"start":{"line":238,"column":78},"end":{"line":254,"column":null}},"line":238},"11":{"name":"(anonymous_11)","decl":{"start":{"line":253,"column":21},"end":{"line":253,"column":22}},"loc":{"start":{"line":253,"column":28},"end":{"line":253,"column":36}},"line":253},"12":{"name":"(anonymous_12)","decl":{"start":{"line":264,"column":8},"end":{"line":264,"column":null}},"loc":{"start":{"line":268,"column":28},"end":{"line":293,"column":null}},"line":268},"13":{"name":"(anonymous_13)","decl":{"start":{"line":299,"column":8},"end":{"line":299,"column":21}},"loc":{"start":{"line":299,"column":72},"end":{"line":311,"column":null}},"line":299}},"branchMap":{"0":{"loc":{"start":{"line":47,"column":19},"end":{"line":47,"column":null}},"type":"binary-expr","locations":[{"start":{"line":47,"column":19},"end":{"line":47,"column":32}},{"start":{"line":47,"column":36},"end":{"line":47,"column":null}}],"line":47},"1":{"loc":{"start":{"line":48,"column":28},"end":{"line":48,"column":null}},"type":"binary-expr","locations":[{"start":{"line":48,"column":28},"end":{"line":48,"column":50}},{"start":{"line":48,"column":54},"end":{"line":48,"column":null}}],"line":48},"2":{"loc":{"start":{"line":79,"column":4},"end":{"line":93,"column":null}},"type":"if","locations":[{"start":{"line":79,"column":4},"end":{"line":93,"column":null}},{"start":{"line":90,"column":11},"end":{"line":93,"column":null}}],"line":79},"3":{"loc":{"start":{"line":110,"column":4},"end":{"line":130,"column":null}},"type":"if","locations":[{"start":{"line":110,"column":4},"end":{"line":130,"column":null}},{"start":{},"end":{}}],"line":110},"4":{"loc":{"start":{"line":113,"column":10},"end":{"line":113,"column":null}},"type":"if","locations":[{"start":{"line":113,"column":10},"end":{"line":113,"column":null}},{"start":{},"end":{}}],"line":113},"5":{"loc":{"start":{"line":114,"column":10},"end":{"line":114,"column":53}},"type":"if","locations":[{"start":{"line":114,"column":10},"end":{"line":114,"column":53}},{"start":{},"end":{}}],"line":114},"6":{"loc":{"start":{"line":125,"column":17},"end":{"line":125,"column":null}},"type":"cond-expr","locations":[{"start":{"line":125,"column":33},"end":{"line":125,"column":41}},{"start":{"line":125,"column":41},"end":{"line":125,"column":null}}],"line":125},"7":{"loc":{"start":{"line":147,"column":4},"end":{"line":149,"column":null}},"type":"if","locations":[{"start":{"line":147,"column":4},"end":{"line":149,"column":null}},{"start":{},"end":{}}],"line":147},"8":{"loc":{"start":{"line":152,"column":4},"end":{"line":167,"column":null}},"type":"if","locations":[{"start":{"line":152,"column":4},"end":{"line":167,"column":null}},{"start":{},"end":{}}],"line":152},"9":{"loc":{"start":{"line":152,"column":8},"end":{"line":152,"column":63}},"type":"binary-expr","locations":[{"start":{"line":152,"column":8},"end":{"line":152,"column":25}},{"start":{"line":152,"column":29},"end":{"line":152,"column":63}}],"line":152},"10":{"loc":{"start":{"line":153,"column":21},"end":{"line":162,"column":null}},"type":"cond-expr","locations":[{"start":{"line":154,"column":10},"end":{"line":161,"column":null}},{"start":{"line":162,"column":10},"end":{"line":162,"column":null}}],"line":153},"11":{"loc":{"start":{"line":164,"column":6},"end":{"line":166,"column":null}},"type":"if","locations":[{"start":{"line":164,"column":6},"end":{"line":166,"column":null}},{"start":{},"end":{}}],"line":164},"12":{"loc":{"start":{"line":164,"column":10},"end":{"line":164,"column":51}},"type":"binary-expr","locations":[{"start":{"line":164,"column":10},"end":{"line":164,"column":21}},{"start":{"line":164,"column":21},"end":{"line":164,"column":51}}],"line":164},"13":{"loc":{"start":{"line":221,"column":4},"end":{"line":221,"column":null}},"type":"if","locations":[{"start":{"line":221,"column":4},"end":{"line":221,"column":null}},{"start":{},"end":{}}],"line":221},"14":{"loc":{"start":{"line":279,"column":4},"end":{"line":284,"column":null}},"type":"if","locations":[{"start":{"line":279,"column":4},"end":{"line":284,"column":null}},{"start":{},"end":{}}],"line":279}},"s":{"0":7,"1":1,"2":1,"3":2,"4":2,"5":2,"6":2,"7":2,"8":1,"9":2,"10":2,"11":0,"12":2,"13":2,"14":2,"15":3,"16":1,"17":2,"18":2,"19":1,"20":1,"21":2,"22":3,"23":0,"24":0,"25":0,"26":0,"27":0,"28":0,"29":0,"30":0,"31":0,"32":0,"33":0,"34":1,"35":2,"36":2,"37":1,"38":1,"39":1,"40":0,"41":0,"42":0,"43":0,"44":0,"45":0,"46":0,"47":0,"48":0,"49":0},"f":{"0":7,"1":1,"2":2,"3":1,"4":3,"5":3,"6":0,"7":0,"8":1,"9":2,"10":0,"11":0,"12":0,"13":0},"b":{"0":[1,0],"1":[1,1],"2":[2,0],"3":[2,0],"4":[1,2],"5":[1,1],"6":[0,1],"7":[0,0],"8":[0,0],"9":[0,0],"10":[0,0],"11":[0,0],"12":[0,0],"13":[1,1],"14":[0,0]},"meta":{"lastBranch":15,"lastFunction":14,"lastStatement":50,"seen":{"f:35:2:35:14":0,"s:35:31:35:52":0,"f:42:8:42:15":1,"s:43:18:59:Infinity":1,"b:47:19:47:32:47:36:47:Infinity":0,"b:48:28:48:50:48:54:48:Infinity":1,"s:61:4:61:Infinity":2,"f:69:8:69:16":2,"s:70:22:70:Infinity":3,"s:73:48:76:Infinity":4,"b:79:4:93:Infinity:90:11:93:Infinity":2,"s:79:4:93:Infinity":5,"s:80:24:83:Infinity":6,"s:84:27:85:Infinity":7,"f:85:8:85:9":3,"s:85:40:85:53":8,"s:88:6:88:Infinity":9,"s:89:6:89:Infinity":10,"s:92:6:92:Infinity":11,"s:95:20:107:Infinity":12,"b:110:4:130:Infinity:undefined:undefined:undefined:undefined":3,"s:110:4:130:Infinity":13,"s:111:29:126:Infinity":14,"f:112:20:112:27":4,"b:113:10:113:Infinity:undefined:undefined:undefined:undefined":4,"s:113:10:113:Infinity":15,"s:113:41:113:Infinity":16,"b:114:10:114:53:undefined:undefined:undefined:undefined":5,"s:114:10:114:53":17,"s:114:39:114:53":18,"s:117:32:124:Infinity":19,"s:125:10:125:Infinity":20,"b:125:33:125:41:125:41:125:Infinity":6,"s:129:6:129:Infinity":21,"f:129:35:129:36":5,"s:129:42:129:Infinity":22,"s:133:4:133:Infinity":23,"f:133:26:133:27":6,"s:133:33:133:54":24,"f:142:8:142:19":7,"s:143:20:145:Infinity":25,"b:147:4:149:Infinity:undefined:undefined:undefined:undefined":7,"s:147:4:149:Infinity":26,"s:148:6:148:Infinity":27,"b:152:4:167:Infinity:undefined:undefined:undefined:undefined":8,"s:152:4:167:Infinity":28,"b:152:8:152:25:152:29:152:63":9,"s:153:21:162:Infinity":29,"b:154:10:161:Infinity:162:10:162:Infinity":10,"b:164:6:166:Infinity:undefined:undefined:undefined:undefined":11,"s:164:6:166:Infinity":30,"b:164:10:164:21:164:21:164:51":12,"s:165:8:165:19":31,"s:169:20:186:Infinity":32,"s:188:4:188:Infinity":33,"f:196:8:196:15":8,"s:197:4:202:Infinity":34,"f:211:8:211:13":9,"s:212:25:219:Infinity":35,"b:221:4:221:Infinity:undefined:undefined:undefined:undefined":13,"s:221:4:221:Infinity":36,"s:221:22:221:Infinity":37,"s:223:20:228:Infinity":38,"s:230:4:230:Infinity":39,"f:238:8:238:17":10,"s:239:18:251:Infinity":40,"s:253:4:253:Infinity":41,"f:253:21:253:22":11,"s:253:28:253:36":42,"f:264:8:264:Infinity":12,"s:269:21:269:55":43,"s:270:22:277:Infinity":44,"b:279:4:284:Infinity:undefined:undefined:undefined:undefined":14,"s:279:4:284:Infinity":45,"s:280:6:283:Infinity":46,"s:286:4:292:Infinity":47,"f:299:8:299:21":13,"s:300:21:300:55":48,"s:301:4:310:Infinity":49}}}
,"/Users/ShadyFeliu/Desktop/Projects/CircleSfera/circlesfera-backend/src/uploads/media-processor.service.ts": {"path":"/Users/ShadyFeliu/Desktop/Projects/CircleSfera/circlesfera-backend/src/uploads/media-processor.service.ts","statementMap":{"0":{"start":{"line":7,"column":31},"end":{"line":7,"column":null}},"1":{"start":{"line":8,"column":37},"end":{"line":8,"column":null}},"2":{"start":{"line":17,"column":4},"end":{"line":19,"column":null}},"3":{"start":{"line":18,"column":6},"end":{"line":18,"column":null}},"4":{"start":{"line":22,"column":4},"end":{"line":24,"column":null}},"5":{"start":{"line":23,"column":6},"end":{"line":23,"column":null}},"6":{"start":{"line":26,"column":10},"end":{"line":26,"column":null}},"7":{"start":{"line":28,"column":28},"end":{"line":35,"column":null}},"8":{"start":{"line":37,"column":4},"end":{"line":40,"column":null}},"9":{"start":{"line":47,"column":19},"end":{"line":47,"column":null}},"10":{"start":{"line":48,"column":4},"end":{"line":48,"column":null}}},"fnMap":{"0":{"name":"(anonymous_0)","decl":{"start":{"line":14,"column":8},"end":{"line":14,"column":null}},"loc":{"start":{"line":16,"column":51},"end":{"line":41,"column":null}},"line":16},"1":{"name":"(anonymous_1)","decl":{"start":{"line":46,"column":8},"end":{"line":46,"column":15}},"loc":{"start":{"line":46,"column":48},"end":{"line":49,"column":null}},"line":46}},"branchMap":{"0":{"loc":{"start":{"line":17,"column":4},"end":{"line":19,"column":null}},"type":"if","locations":[{"start":{"line":17,"column":4},"end":{"line":19,"column":null}},{"start":{},"end":{}}],"line":17},"1":{"loc":{"start":{"line":22,"column":4},"end":{"line":24,"column":null}},"type":"if","locations":[{"start":{"line":22,"column":4},"end":{"line":24,"column":null}},{"start":{},"end":{}}],"line":22},"2":{"loc":{"start":{"line":22,"column":8},"end":{"line":22,"column":76}},"type":"binary-expr","locations":[{"start":{"line":22,"column":8},"end":{"line":22,"column":45}},{"start":{"line":22,"column":45},"end":{"line":22,"column":76}}],"line":22}},"s":{"0":0,"1":0,"2":0,"3":0,"4":0,"5":0,"6":0,"7":0,"8":0,"9":0,"10":0},"f":{"0":0,"1":0},"b":{"0":[0,0],"1":[0,0],"2":[0,0]},"meta":{"lastBranch":3,"lastFunction":2,"lastStatement":11,"seen":{"s:7:31:7:Infinity":0,"s:8:37:8:Infinity":1,"f:14:8:14:Infinity":0,"b:17:4:19:Infinity:undefined:undefined:undefined:undefined":0,"s:17:4:19:Infinity":2,"s:18:6:18:Infinity":3,"b:22:4:24:Infinity:undefined:undefined:undefined:undefined":1,"s:22:4:24:Infinity":4,"b:22:8:22:45:22:45:22:76":2,"s:23:6:23:Infinity":5,"s:26:10:26:Infinity":6,"s:28:28:35:Infinity":7,"s:37:4:40:Infinity":8,"f:46:8:46:15":1,"s:47:19:47:Infinity":9,"s:48:4:48:Infinity":10}}}
,"/Users/ShadyFeliu/Desktop/Projects/CircleSfera/circlesfera-backend/src/uploads/uploads.service.ts": {"path":"/Users/ShadyFeliu/Desktop/Projects/CircleSfera/circlesfera-backend/src/uploads/uploads.service.ts","statementMap":{"0":{"start":{"line":16,"column":21},"end":{"line":16,"column":53}},"1":{"start":{"line":17,"column":21},"end":{"line":17,"column":58}},"2":{"start":{"line":27,"column":22},"end":{"line":27,"column":null}},"3":{"start":{"line":28,"column":4},"end":{"line":32,"column":null}},"4":{"start":{"line":40,"column":4},"end":{"line":40,"column":null}}},"fnMap":{"0":{"name":"(anonymous_0)","decl":{"start":{"line":14,"column":2},"end":{"line":14,"column":null}},"loc":{"start":{"line":18,"column":4},"end":{"line":18,"column":null}},"line":18},"1":{"name":"(anonymous_1)","decl":{"start":{"line":26,"column":8},"end":{"line":26,"column":19}},"loc":{"start":{"line":26,"column":79},"end":{"line":33,"column":null}},"line":26},"2":{"name":"(anonymous_2)","decl":{"start":{"line":39,"column":8},"end":{"line":39,"column":19}},"loc":{"start":{"line":39,"column":47},"end":{"line":41,"column":null}},"line":39}},"branchMap":{},"s":{"0":2,"1":2,"2":0,"3":0,"4":0},"f":{"0":2,"1":0,"2":0},"b":{},"meta":{"lastBranch":0,"lastFunction":3,"lastStatement":5,"seen":{"f:14:2:14:Infinity":0,"s:16:21:16:53":0,"s:17:21:17:58":1,"f:26:8:26:19":1,"s:27:22:27:Infinity":2,"s:28:4:32:Infinity":3,"f:39:8:39:19":2,"s:40:4:40:Infinity":4}}}
,"/Users/ShadyFeliu/Desktop/Projects/CircleSfera/circlesfera-backend/src/uploads/interfaces/storage-provider.interface.ts": {"path":"/Users/ShadyFeliu/Desktop/Projects/CircleSfera/circlesfera-backend/src/uploads/interfaces/storage-provider.interface.ts","statementMap":{"0":{"start":{"line":20,"column":32},"end":{"line":20,"column":null}}},"fnMap":{},"branchMap":{},"s":{"0":1},"f":{},"b":{},"meta":{"lastBranch":0,"lastFunction":0,"lastStatement":1,"seen":{"s:20:32:20:Infinity":0}}}
,"/Users/ShadyFeliu/Desktop/Projects/CircleSfera/circlesfera-backend/src/uploads/providers/local.provider.ts": {"path":"/Users/ShadyFeliu/Desktop/Projects/CircleSfera/circlesfera-backend/src/uploads/providers/local.provider.ts","statementMap":{"0":{"start":{"line":13,"column":31},"end":{"line":13,"column":59}},"1":{"start":{"line":11,"column":19},"end":{"line":11,"column":null}},"2":{"start":{"line":14,"column":4},"end":{"line":16,"column":null}},"3":{"start":{"line":15,"column":6},"end":{"line":15,"column":null}},"4":{"start":{"line":20,"column":20},"end":{"line":20,"column":null}},"5":{"start":{"line":21,"column":16},"end":{"line":21,"column":null}},"6":{"start":{"line":22,"column":21},"end":{"line":22,"column":44}},"7":{"start":{"line":23,"column":21},"end":{"line":23,"column":null}},"8":{"start":{"line":25,"column":19},"end":{"line":25,"column":30}},"9":{"start":{"line":27,"column":4},"end":{"line":27,"column":null}},"10":{"start":{"line":29,"column":17},"end":{"line":33,"column":null}},"11":{"start":{"line":35,"column":16},"end":{"line":35,"column":38}},"12":{"start":{"line":37,"column":4},"end":{"line":37,"column":null}},"13":{"start":{"line":41,"column":4},"end":{"line":49,"column":null}},"14":{"start":{"line":42,"column":23},"end":{"line":42,"column":null}},"15":{"start":{"line":43,"column":23},"end":{"line":43,"column":null}},"16":{"start":{"line":44,"column":6},"end":{"line":46,"column":null}},"17":{"start":{"line":45,"column":8},"end":{"line":45,"column":null}},"18":{"start":{"line":48,"column":6},"end":{"line":48,"column":null}}},"fnMap":{"0":{"name":"(anonymous_0)","decl":{"start":{"line":13,"column":2},"end":{"line":13,"column":14}},"loc":{"start":{"line":13,"column":61},"end":{"line":17,"column":null}},"line":13},"1":{"name":"(anonymous_1)","decl":{"start":{"line":19,"column":8},"end":{"line":19,"column":15}},"loc":{"start":{"line":19,"column":75},"end":{"line":38,"column":null}},"line":19},"2":{"name":"(anonymous_2)","decl":{"start":{"line":40,"column":8},"end":{"line":40,"column":15}},"loc":{"start":{"line":40,"column":43},"end":{"line":50,"column":null}},"line":40}},"branchMap":{"0":{"loc":{"start":{"line":14,"column":4},"end":{"line":16,"column":null}},"type":"if","locations":[{"start":{"line":14,"column":4},"end":{"line":16,"column":null}},{"start":{},"end":{}}],"line":14},"1":{"loc":{"start":{"line":21,"column":16},"end":{"line":21,"column":null}},"type":"cond-expr","locations":[{"start":{"line":21,"column":26},"end":{"line":21,"column":36}},{"start":{"line":21,"column":36},"end":{"line":21,"column":null}}],"line":21},"2":{"loc":{"start":{"line":29,"column":17},"end":{"line":33,"column":null}},"type":"cond-expr","locations":[{"start":{"line":30,"column":8},"end":{"line":30,"column":null}},{"start":{"line":31,"column":8},"end":{"line":33,"column":null}}],"line":29},"3":{"loc":{"start":{"line":31,"column":8},"end":{"line":33,"column":null}},"type":"cond-expr","locations":[{"start":{"line":32,"column":10},"end":{"line":32,"column":null}},{"start":{"line":33,"column":10},"end":{"line":33,"column":null}}],"line":31},"4":{"loc":{"start":{"line":44,"column":6},"end":{"line":46,"column":null}},"type":"if","locations":[{"start":{"line":44,"column":6},"end":{"line":46,"column":null}},{"start":{},"end":{}}],"line":44}},"s":{"0":2,"1":2,"2":2,"3":0,"4":1,"5":1,"6":1,"7":1,"8":1,"9":1,"10":1,"11":1,"12":1,"13":0,"14":0,"15":0,"16":0,"17":0,"18":0},"f":{"0":2,"1":1,"2":0},"b":{"0":[0,2],"1":[1,0],"2":[0,1],"3":[0,1],"4":[0,0]},"meta":{"lastBranch":5,"lastFunction":3,"lastStatement":19,"seen":{"f:13:2:13:14":0,"s:13:31:13:59":0,"s:11:19:11:Infinity":1,"b:14:4:16:Infinity:undefined:undefined:undefined:undefined":0,"s:14:4:16:Infinity":2,"s:15:6:15:Infinity":3,"f:19:8:19:15":1,"s:20:20:20:Infinity":4,"s:21:16:21:Infinity":5,"b:21:26:21:36:21:36:21:Infinity":1,"s:22:21:22:44":6,"s:23:21:23:Infinity":7,"s:25:19:25:30":8,"s:27:4:27:Infinity":9,"s:29:17:33:Infinity":10,"b:30:8:30:Infinity:31:8:33:Infinity":2,"b:32:10:32:Infinity:33:10:33:Infinity":3,"s:35:16:35:38":11,"s:37:4:37:Infinity":12,"f:40:8:40:15":2,"s:41:4:49:Infinity":13,"s:42:23:42:Infinity":14,"s:43:23:43:Infinity":15,"b:44:6:46:Infinity:undefined:undefined:undefined:undefined":4,"s:44:6:46:Infinity":16,"s:45:8:45:Infinity":17,"s:48:6:48:Infinity":18}}}
,"/Users/ShadyFeliu/Desktop/Projects/CircleSfera/circlesfera-backend/src/users/users.service.ts": {"path":"/Users/ShadyFeliu/Desktop/Projects/CircleSfera/circlesfera-backend/src/users/users.service.ts","statementMap":{"0":{"start":{"line":9,"column":31},"end":{"line":9,"column":52}},"1":{"start":{"line":19,"column":22},"end":{"line":27,"column":null}},"2":{"start":{"line":29,"column":25},"end":{"line":29,"column":null}},"3":{"start":{"line":29,"column":46},"end":{"line":29,"column":59}},"4":{"start":{"line":33,"column":20},"end":{"line":41,"column":null}},"5":{"start":{"line":43,"column":23},"end":{"line":43,"column":null}},"6":{"start":{"line":43,"column":42},"end":{"line":43,"column":55}},"7":{"start":{"line":46,"column":19},"end":{"line":54,"column":null}},"8":{"start":{"line":56,"column":23},"end":{"line":56,"column":null}},"9":{"start":{"line":56,"column":45},"end":{"line":56,"column":null}},"10":{"start":{"line":59,"column":24},"end":{"line":59,"column":null}},"11":{"start":{"line":63,"column":24},"end":{"line":94,"column":null}},"12":{"start":{"line":97,"column":4},"end":{"line":105,"column":null}},"13":{"start":{"line":97,"column":38},"end":{"line":105,"column":null}},"14":{"start":{"line":113,"column":4},"end":{"line":116,"column":null}},"15":{"start":{"line":124,"column":4},"end":{"line":127,"column":null}}},"fnMap":{"0":{"name":"(anonymous_0)","decl":{"start":{"line":9,"column":2},"end":{"line":9,"column":14}},"loc":{"start":{"line":9,"column":54},"end":{"line":9,"column":null}},"line":9},"1":{"name":"(anonymous_1)","decl":{"start":{"line":17,"column":8},"end":{"line":17,"column":23}},"loc":{"start":{"line":17,"column":51},"end":{"line":106,"column":null}},"line":17},"2":{"name":"(anonymous_2)","decl":{"start":{"line":29,"column":39},"end":{"line":29,"column":40}},"loc":{"start":{"line":29,"column":46},"end":{"line":29,"column":59}},"line":29},"3":{"name":"(anonymous_3)","decl":{"start":{"line":43,"column":35},"end":{"line":43,"column":36}},"loc":{"start":{"line":43,"column":42},"end":{"line":43,"column":55}},"line":43},"4":{"name":"(anonymous_4)","decl":{"start":{"line":56,"column":38},"end":{"line":56,"column":39}},"loc":{"start":{"line":56,"column":45},"end":{"line":56,"column":null}},"line":56},"5":{"name":"(anonymous_5)","decl":{"start":{"line":97,"column":27},"end":{"line":97,"column":28}},"loc":{"start":{"line":97,"column":38},"end":{"line":105,"column":null}},"line":97},"6":{"name":"(anonymous_6)","decl":{"start":{"line":112,"column":8},"end":{"line":112,"column":16}},"loc":{"start":{"line":112,"column":28},"end":{"line":117,"column":null}},"line":112},"7":{"name":"(anonymous_7)","decl":{"start":{"line":123,"column":8},"end":{"line":123,"column":18}},"loc":{"start":{"line":123,"column":30},"end":{"line":128,"column":null}},"line":123}},"branchMap":{"0":{"loc":{"start":{"line":17,"column":39},"end":{"line":17,"column":49}},"type":"default-arg","locations":[{"start":{"line":17,"column":47},"end":{"line":17,"column":49}}],"line":17}},"s":{"0":4,"1":1,"2":1,"3":1,"4":1,"5":1,"6":1,"7":1,"8":1,"9":1,"10":1,"11":1,"12":1,"13":1,"14":1,"15":1},"f":{"0":4,"1":1,"2":1,"3":1,"4":1,"5":1,"6":1,"7":1},"b":{"0":[1]},"meta":{"lastBranch":1,"lastFunction":8,"lastStatement":16,"seen":{"f:9:2:9:14":0,"s:9:31:9:52":0,"f:17:8:17:23":1,"b:17:47:17:49":0,"s:19:22:27:Infinity":1,"s:29:25:29:Infinity":2,"f:29:39:29:40":2,"s:29:46:29:59":3,"s:33:20:41:Infinity":4,"s:43:23:43:Infinity":5,"f:43:35:43:36":3,"s:43:42:43:55":6,"s:46:19:54:Infinity":7,"s:56:23:56:Infinity":8,"f:56:38:56:39":4,"s:56:45:56:Infinity":9,"s:59:24:59:Infinity":10,"s:63:24:94:Infinity":11,"s:97:4:105:Infinity":12,"f:97:27:97:28":5,"s:97:38:105:Infinity":13,"f:112:8:112:16":6,"s:113:4:116:Infinity":14,"f:123:8:123:18":7,"s:124:4:127:Infinity":15}}}
}
